<?xml version="1.0" encoding="UTF-8"?>
<robot generator="Robot 4.0.3 (Python 3.8.2 on win32)" generated="20210618 15:27:24.807" rpa="false" schemaversion="2">
<suite id="s1" name="Suites">
<suite id="s1-s1" name="OrangeHRM AddUser Search User" source="C:\Users\adixit\PycharmProjects\RobotFramework\OrangeHRM\OrangeHRM_AddUser_Search_User.robot">
<test id="s1-s1-t1" name="Launch OrangeHRM and login to application">
<kw name="Open Browser" library="SeleniumLibrary">
<arg>https://opensource-demo.orangehrmlive.com/</arg>
<arg>chrome</arg>
<doc>Opens a new browser instance to the optional ``url``.</doc>
<msg timestamp="20210618 15:27:26.477" level="INFO">Opening browser 'chrome' to base url 'https://opensource-demo.orangehrmlive.com/'.</msg>
<status status="PASS" starttime="20210618 15:27:26.468" endtime="20210618 15:27:39.181"/>
</kw>
<kw name="Maximize Browser Window" library="SeleniumLibrary">
<doc>Maximizes current browser window.</doc>
<status status="PASS" starttime="20210618 15:27:39.182" endtime="20210618 15:27:41.687"/>
</kw>
<kw name="Input Text" library="SeleniumLibrary">
<arg>xpath=//input[@id='txtUsername']</arg>
<arg>Admin</arg>
<doc>Types the given ``text`` into the text field identified by ``locator``.</doc>
<msg timestamp="20210618 15:27:41.690" level="INFO">Typing text 'Admin' into text field 'xpath=//input[@id='txtUsername']'.</msg>
<status status="PASS" starttime="20210618 15:27:41.688" endtime="20210618 15:27:42.207"/>
</kw>
<kw name="Input Text" library="SeleniumLibrary">
<arg>name=txtPassword</arg>
<arg>admin123</arg>
<doc>Types the given ``text`` into the text field identified by ``locator``.</doc>
<msg timestamp="20210618 15:27:42.209" level="INFO">Typing text 'admin123' into text field 'name=txtPassword'.</msg>
<status status="PASS" starttime="20210618 15:27:42.208" endtime="20210618 15:27:42.584"/>
</kw>
<kw name="Click Button" library="SeleniumLibrary">
<arg>css=input[id='btnLogin']</arg>
<doc>Clicks the button identified by ``locator``.</doc>
<msg timestamp="20210618 15:27:42.587" level="INFO">Clicking button 'css=input[id='btnLogin']'.</msg>
<status status="PASS" starttime="20210618 15:27:42.585" endtime="20210618 15:27:45.595"/>
</kw>
<kw name="Page Should Contain Link" library="SeleniumLibrary">
<arg>Dashboard</arg>
<doc>Verifies link identified by ``locator`` is found from current page.</doc>
<msg timestamp="20210618 15:27:47.553" level="INFO">Current page contains link 'Dashboard'.</msg>
<status status="PASS" starttime="20210618 15:27:45.596" endtime="20210618 15:27:47.554"/>
</kw>
<tag>Regression</tag>
<status status="PASS" starttime="20210618 15:27:26.460" endtime="20210618 15:27:47.555"/>
</test>
<test id="s1-s1-t2" name="Click on Admin-&gt;UserManagement-&gt;Users and Click on Add button">
<kw name="Mouse Over" library="SeleniumLibrary">
<arg>link=Admin</arg>
<doc>Simulates hovering the mouse over the element ``locator``.</doc>
<msg timestamp="20210618 15:27:47.563" level="INFO">Simulating Mouse Over on element 'link=Admin'.</msg>
<status status="PASS" starttime="20210618 15:27:47.561" endtime="20210618 15:27:48.190"/>
</kw>
<kw name="Sleep" library="BuiltIn">
<arg>2s</arg>
<doc>Pauses the test executed for the given time.</doc>
<msg timestamp="20210618 15:27:50.203" level="INFO">Slept 2 seconds</msg>
<status status="PASS" starttime="20210618 15:27:48.190" endtime="20210618 15:27:50.203"/>
</kw>
<kw name="Mouse Over" library="SeleniumLibrary">
<arg>link=User Management</arg>
<doc>Simulates hovering the mouse over the element ``locator``.</doc>
<msg timestamp="20210618 15:27:50.206" level="INFO">Simulating Mouse Over on element 'link=User Management'.</msg>
<status status="PASS" starttime="20210618 15:27:50.204" endtime="20210618 15:27:50.652"/>
</kw>
<kw name="Click Link" library="SeleniumLibrary">
<arg>link=Users</arg>
<doc>Clicks a link identified by ``locator``.</doc>
<msg timestamp="20210618 15:27:50.655" level="INFO">Clicking link 'link=Users'.</msg>
<status status="PASS" starttime="20210618 15:27:50.653" endtime="20210618 15:27:52.857"/>
</kw>
<kw name="Click Button" library="SeleniumLibrary">
<arg>name=btnAdd</arg>
<doc>Clicks the button identified by ``locator``.</doc>
<msg timestamp="20210618 15:27:52.860" level="INFO">Clicking button 'name=btnAdd'.</msg>
<status status="PASS" starttime="20210618 15:27:52.858" endtime="20210618 15:27:54.213"/>
</kw>
<status status="PASS" starttime="20210618 15:27:47.557" endtime="20210618 15:27:54.214"/>
</test>
<test id="s1-s1-t3" name="Add Users Details and Click on Save button">
<kw name="Select From List By Label" library="SeleniumLibrary">
<arg>id=systemUser_userType</arg>
<arg>Admin</arg>
<doc>Selects options from selection list ``locator`` by ``labels``.</doc>
<msg timestamp="20210618 15:27:54.220" level="INFO">Selecting options from selection list 'id=systemUser_userType' by label Admin.</msg>
<status status="PASS" starttime="20210618 15:27:54.219" endtime="20210618 15:27:54.711"/>
</kw>
<kw name="Input Text" library="SeleniumLibrary">
<arg>id=systemUser_employeeName_empName</arg>
<arg>Fiona Grace</arg>
<doc>Types the given ``text`` into the text field identified by ``locator``.</doc>
<msg timestamp="20210618 15:27:54.713" level="INFO">Typing text 'Fiona Grace' into text field 'id=systemUser_employeeName_empName'.</msg>
<status status="PASS" starttime="20210618 15:27:54.712" endtime="20210618 15:27:55.586"/>
</kw>
<kw name="Input Text" library="SeleniumLibrary">
<arg>id=systemUser_userName</arg>
<arg>Kumar11</arg>
<doc>Types the given ``text`` into the text field identified by ``locator``.</doc>
<msg timestamp="20210618 15:27:55.589" level="INFO">Typing text 'Kumar11' into text field 'id=systemUser_userName'.</msg>
<status status="PASS" starttime="20210618 15:27:55.587" endtime="20210618 15:27:55.956"/>
</kw>
<kw name="Select From List By Value" library="SeleniumLibrary">
<arg>id=systemUser_status</arg>
<arg>1</arg>
<doc>Selects options from selection list ``locator`` by ``values``.</doc>
<msg timestamp="20210618 15:27:55.963" level="INFO">Selecting options from selection list 'id=systemUser_status' by value 1.</msg>
<status status="PASS" starttime="20210618 15:27:55.957" endtime="20210618 15:27:56.398"/>
</kw>
<kw name="Input Text" library="SeleniumLibrary">
<arg>id=systemUser_password</arg>
<arg>admin123</arg>
<doc>Types the given ``text`` into the text field identified by ``locator``.</doc>
<msg timestamp="20210618 15:27:56.401" level="INFO">Typing text 'admin123' into text field 'id=systemUser_password'.</msg>
<status status="PASS" starttime="20210618 15:27:56.399" endtime="20210618 15:27:57.075"/>
</kw>
<kw name="Input Text" library="SeleniumLibrary">
<arg>id=systemUser_confirmPassword</arg>
<arg>admin123</arg>
<doc>Types the given ``text`` into the text field identified by ``locator``.</doc>
<msg timestamp="20210618 15:27:57.078" level="INFO">Typing text 'admin123' into text field 'id=systemUser_confirmPassword'.</msg>
<status status="PASS" starttime="20210618 15:27:57.076" endtime="20210618 15:27:57.645"/>
</kw>
<kw name="Click Button" library="SeleniumLibrary">
<arg>id=btnSave</arg>
<doc>Clicks the button identified by ``locator``.</doc>
<msg timestamp="20210618 15:27:57.648" level="INFO">Clicking button 'id=btnSave'.</msg>
<status status="PASS" starttime="20210618 15:27:57.646" endtime="20210618 15:27:57.858"/>
</kw>
<kw name="Sleep" library="BuiltIn">
<arg>2s</arg>
<doc>Pauses the test executed for the given time.</doc>
<msg timestamp="20210618 15:27:59.995" level="INFO">Slept 2 seconds</msg>
<status status="PASS" starttime="20210618 15:27:57.859" endtime="20210618 15:27:59.995"/>
</kw>
<status status="PASS" starttime="20210618 15:27:54.216" endtime="20210618 15:28:00.001"/>
</test>
<test id="s1-s1-t4" name="Search User from WebTable">
<kw name="Input Text" library="SeleniumLibrary">
<arg>id=searchSystemUser_userName</arg>
<arg>Kumar11</arg>
<doc>Types the given ``text`` into the text field identified by ``locator``.</doc>
<msg timestamp="20210618 15:28:00.009" level="INFO">Typing text 'Kumar11' into text field 'id=searchSystemUser_userName'.</msg>
<kw name="Capture Page Screenshot" library="SeleniumLibrary">
<doc>Takes a screenshot of the current page and embeds it into a log file.</doc>
<msg timestamp="20210618 15:28:01.042" level="INFO" html="true">&lt;/td&gt;&lt;/tr&gt;&lt;tr&gt;&lt;td colspan="3"&gt;&lt;a href="selenium-screenshot-1.png"&gt;&lt;img src="selenium-screenshot-1.png" width="800px"&gt;&lt;/a&gt;</msg>
<status status="PASS" starttime="20210618 15:28:00.387" endtime="20210618 15:28:01.042"/>
</kw>
<msg timestamp="20210618 15:28:01.056" level="FAIL">Element with locator 'id=searchSystemUser_userName' not found.</msg>
<status status="FAIL" starttime="20210618 15:28:00.007" endtime="20210618 15:28:01.057"/>
</kw>
<kw name="Click Button" library="SeleniumLibrary">
<arg>id=searchBtn</arg>
<doc>Clicks the button identified by ``locator``.</doc>
<status status="NOT RUN" starttime="20210618 15:28:01.058" endtime="20210618 15:28:01.058"/>
</kw>
<kw name="Sleep" library="BuiltIn">
<arg>2s</arg>
<doc>Pauses the test executed for the given time.</doc>
<status status="NOT RUN" starttime="20210618 15:28:01.059" endtime="20210618 15:28:01.059"/>
</kw>
<kw name="Page Should Contain Link" library="SeleniumLibrary">
<arg>link=Kumar11</arg>
<doc>Verifies link identified by ``locator`` is found from current page.</doc>
<status status="NOT RUN" starttime="20210618 15:28:01.060" endtime="20210618 15:28:01.061"/>
</kw>
<kw name="Sleep" library="BuiltIn">
<arg>5s</arg>
<doc>Pauses the test executed for the given time.</doc>
<status status="NOT RUN" starttime="20210618 15:28:01.062" endtime="20210618 15:28:01.063"/>
</kw>
<status status="FAIL" starttime="20210618 15:28:00.004" endtime="20210618 15:28:01.064">Element with locator 'id=searchSystemUser_userName' not found.</status>
</test>
<test id="s1-s1-t5" name="Close Browser">
<kw name="Close Browser" library="SeleniumLibrary">
<doc>Closes the current browser.</doc>
<status status="PASS" starttime="20210618 15:28:01.069" endtime="20210618 15:28:10.579"/>
</kw>
<status status="PASS" starttime="20210618 15:28:01.066" endtime="20210618 15:28:10.580"/>
</test>
<doc>Suite description</doc>
<status status="FAIL" starttime="20210618 15:27:24.966" endtime="20210618 15:28:10.585"/>
</suite>
<status status="FAIL" starttime="20210618 15:27:24.840" endtime="20210618 15:28:10.599"/>
</suite>
<statistics>
<total>
<stat pass="4" fail="1" skip="0">All Tests</stat>
</total>
<tag>
<stat pass="1" fail="0" skip="0">Regression</stat>
</tag>
<suite>
<stat pass="4" fail="1" skip="0" id="s1" name="Suites">Suites</stat>
<stat pass="4" fail="1" skip="0" id="s1-s1" name="OrangeHRM AddUser Search User">Suites.OrangeHRM AddUser Search User</stat>
</suite>
</statistics>
<errors>
</errors>
</robot>
