<?xml version="1.0" encoding="UTF-8"?>
<robot generator="Rebot 4.1.3 (Python 3.8.2 on win32)" generated="20220712 14:25:51.322" rpa="false" schemaversion="2">
<suite id="s1" name="Parallel TestCase Execution" source="C:\Users\adixit\PycharmProjects\RobotFramework\OrangeHRM\Parallel_TestCase_Execution.robot">
<test id="s1-t1" name="Launch OrangeHRM Login Page">
<kw name="Open Browser" library="SeleniumLibrary">
<arg>https://opensource-demo.orangehrmlive.com/</arg>
<arg>chrome</arg>
<doc>Opens a new browser instance to the optional ``url``.</doc>
<msg timestamp="20220712 14:25:31.827" level="INFO">Opening browser 'chrome' to base url 'https://opensource-demo.orangehrmlive.com/'.</msg>
<status status="PASS" starttime="20220712 14:25:31.823" endtime="20220712 14:25:41.450"/>
</kw>
<kw name="Maximize Browser Window" library="SeleniumLibrary">
<doc>Maximizes current browser window.</doc>
<status status="PASS" starttime="20220712 14:25:41.451" endtime="20220712 14:25:41.780"/>
</kw>
<kw name="Input Text" library="SeleniumLibrary">
<arg>xpath=//input[@id='txtUsername']</arg>
<arg>Admin</arg>
<doc>Types the given ``text`` into the text field identified by ``locator``.</doc>
<msg timestamp="20220712 14:25:41.785" level="INFO">Typing text 'Admin' into text field 'xpath=//input[@id='txtUsername']'.</msg>
<status status="PASS" starttime="20220712 14:25:41.781" endtime="20220712 14:25:42.573"/>
</kw>
<kw name="Input Text" library="SeleniumLibrary">
<arg>name=txtPassword</arg>
<arg>admin123</arg>
<doc>Types the given ``text`` into the text field identified by ``locator``.</doc>
<msg timestamp="20220712 14:25:42.576" level="INFO">Typing text 'admin123' into text field 'name=txtPassword'.</msg>
<status status="PASS" starttime="20220712 14:25:42.574" endtime="20220712 14:25:43.139"/>
</kw>
<kw name="Click Button" library="SeleniumLibrary">
<arg>css=input[id='btnLogin']</arg>
<doc>Clicks the button identified by ``locator``.</doc>
<msg timestamp="20220712 14:25:43.141" level="INFO">Clicking button 'css=input[id='btnLogin']'.</msg>
<status status="PASS" starttime="20220712 14:25:43.140" endtime="20220712 14:25:47.944"/>
</kw>
<kw name="Page Should Contain Link" library="SeleniumLibrary">
<arg>Dashboard</arg>
<arg>timeout=5</arg>
<doc>Verifies link identified by ``locator`` is found from current page.</doc>
<msg timestamp="20220712 14:25:47.995" level="INFO">Current page contains link 'Dashboard'.</msg>
<status status="PASS" starttime="20220712 14:25:47.945" endtime="20220712 14:25:47.995"/>
</kw>
<kw name="Element Text Should Be" library="SeleniumLibrary">
<arg>link=Dashboard</arg>
<arg>Dashboard</arg>
<doc>Verifies that element ``locator`` contains exact the text ``expected``.</doc>
<msg timestamp="20220712 14:25:47.998" level="INFO">Verifying element 'link=Dashboard' contains exact text 'Dashboard'.</msg>
<status status="PASS" starttime="20220712 14:25:47.996" endtime="20220712 14:25:48.149"/>
</kw>
<kw name="Close Browser" library="SeleniumLibrary">
<doc>Closes the current browser.</doc>
<status status="PASS" starttime="20220712 14:25:48.150" endtime="20220712 14:25:50.986"/>
</kw>
<tag>Smoke</tag>
<status status="PASS" starttime="20220712 14:25:31.821" endtime="20220712 14:25:50.987"/>
</test>
<test id="s1-t2" name="TC_001-Launch WebOrder and login to application">
<kw name="Open Browser" library="SeleniumLibrary">
<arg>http://secure.smartbearsoftware.com/samples/testcomplete11/WebOrders/Default.aspx</arg>
<arg>Chrome</arg>
<doc>Opens a new browser instance to the optional ``url``.</doc>
<msg timestamp="20220712 14:25:31.794" level="INFO">Opening browser 'Chrome' to base url 'http://secure.smartbearsoftware.com/samples/testcomplete11/WebOrders/Default.aspx'.</msg>
<status status="PASS" starttime="20220712 14:25:31.792" endtime="20220712 14:25:40.655"/>
</kw>
<kw name="Maximize Browser Window" library="SeleniumLibrary">
<doc>Maximizes current browser window.</doc>
<status status="PASS" starttime="20220712 14:25:40.657" endtime="20220712 14:25:41.341"/>
</kw>
<kw name="Input Text" library="SeleniumLibrary">
<arg>id=ctl00_MainContent_username</arg>
<arg>Tester</arg>
<doc>Types the given ``text`` into the text field identified by ``locator``.</doc>
<msg timestamp="20220712 14:25:41.343" level="INFO">Typing text 'Tester' into text field 'id=ctl00_MainContent_username'.</msg>
<status status="PASS" starttime="20220712 14:25:41.342" endtime="20220712 14:25:42.353"/>
</kw>
<kw name="Input Text" library="SeleniumLibrary">
<arg>id=ctl00_MainContent_password</arg>
<arg>test</arg>
<doc>Types the given ``text`` into the text field identified by ``locator``.</doc>
<msg timestamp="20220712 14:25:42.355" level="INFO">Typing text 'test' into text field 'id=ctl00_MainContent_password'.</msg>
<status status="PASS" starttime="20220712 14:25:42.354" endtime="20220712 14:25:42.982"/>
</kw>
<kw name="Click Button" library="SeleniumLibrary">
<arg>id=ctl00_MainContent_login_button</arg>
<doc>Clicks the button identified by ``locator``.</doc>
<msg timestamp="20220712 14:25:42.984" level="INFO">Clicking button 'id=ctl00_MainContent_login_button'.</msg>
<status status="PASS" starttime="20220712 14:25:42.982" endtime="20220712 14:25:45.175"/>
</kw>
<kw name="Page Should Contain Button" library="SeleniumLibrary">
<arg>id=ctl00_MainContent_btnDelete</arg>
<doc>Verifies button ``locator`` is found from current page.</doc>
<msg timestamp="20220712 14:25:45.238" level="INFO">Current page contains input 'id=ctl00_MainContent_btnDelete'.</msg>
<status status="PASS" starttime="20220712 14:25:45.176" endtime="20220712 14:25:45.239"/>
</kw>
<kw name="Close Browser" library="SeleniumLibrary">
<doc>Closes the current browser.</doc>
<status status="PASS" starttime="20220712 14:25:45.239" endtime="20220712 14:25:48.226"/>
</kw>
<status status="PASS" starttime="20220712 14:25:31.790" endtime="20220712 14:25:48.227"/>
</test>
<test id="s1-t3" name="Verify that a string can be written and read from a Simple Iframe">
<kw name="Open Browser" library="SeleniumLibrary">
<arg>https://netbanking.hdfcbank.com/netbanking/</arg>
<arg>Chrome</arg>
<doc>Opens a new browser instance to the optional ``url``.</doc>
<msg timestamp="20220712 14:25:31.843" level="INFO">Opening browser 'Chrome' to base url 'https://netbanking.hdfcbank.com/netbanking/'.</msg>
<status status="PASS" starttime="20220712 14:25:31.841" endtime="20220712 14:25:40.762"/>
</kw>
<kw name="Wait Until Element Is Visible" library="SeleniumLibrary">
<arg>xpath=//frame[@name='login_page']</arg>
<arg>timeout=5</arg>
<doc>Waits until the element ``locator`` is visible.</doc>
<status status="PASS" starttime="20220712 14:25:40.763" endtime="20220712 14:25:41.474"/>
</kw>
<kw name="Select Frame" library="SeleniumLibrary">
<arg>name=login_page</arg>
<doc>Sets frame identified by ``locator`` as the current frame.</doc>
<msg timestamp="20220712 14:25:41.477" level="INFO">Selecting frame 'name=login_page'.</msg>
<status status="PASS" starttime="20220712 14:25:41.475" endtime="20220712 14:25:41.828"/>
</kw>
<kw name="Input Text" library="SeleniumLibrary">
<arg>css=input[name='fldLoginUserId']</arg>
<arg>1000</arg>
<doc>Types the given ``text`` into the text field identified by ``locator``.</doc>
<msg timestamp="20220712 14:25:41.830" level="INFO">Typing text '1000' into text field 'css=input[name='fldLoginUserId']'.</msg>
<status status="PASS" starttime="20220712 14:25:41.829" endtime="20220712 14:25:42.522"/>
</kw>
<kw name="Click Element" library="SeleniumLibrary">
<arg>xpath=//a[normalize-space()='CONTINUE']</arg>
<doc>Click the element identified by ``locator``.</doc>
<msg timestamp="20220712 14:25:42.524" level="INFO">Clicking element 'xpath=//a[normalize-space()='CONTINUE']'.</msg>
<status status="PASS" starttime="20220712 14:25:42.523" endtime="20220712 14:25:44.120"/>
</kw>
<kw name="Element Should Contain" library="SeleniumLibrary">
<arg>xpath=//span[normalize-space()='Password/ IPIN']</arg>
<arg>Password/ IPIN</arg>
<doc>Verifies that element ``locator`` contains text ``expected``.</doc>
<msg timestamp="20220712 14:25:44.229" level="INFO">Element 'xpath=//span[normalize-space()='Password/ IPIN']' contains text 'Password/ IPIN'.</msg>
<status status="PASS" starttime="20220712 14:25:44.121" endtime="20220712 14:25:44.229"/>
</kw>
<kw name="Sleep" library="BuiltIn">
<arg>2s</arg>
<doc>Pauses the test executed for the given time.</doc>
<msg timestamp="20220712 14:25:46.232" level="INFO">Slept 2 seconds</msg>
<status status="PASS" starttime="20220712 14:25:44.230" endtime="20220712 14:25:46.233"/>
</kw>
<kw name="Close Browser" library="SeleniumLibrary">
<doc>Closes the current browser.</doc>
<status status="PASS" starttime="20220712 14:25:46.234" endtime="20220712 14:25:50.986"/>
</kw>
<doc>This test case handle iframe</doc>
<status status="PASS" starttime="20220712 14:25:31.838" endtime="20220712 14:25:50.987"/>
</test>
<doc>Suite description</doc>
<status status="PASS" starttime="20220712 14:25:31.234" endtime="20220712 14:25:50.989"/>
</suite>
<statistics>
<total>
<stat pass="3" fail="0" skip="0">All Tests</stat>
</total>
<tag>
<stat pass="1" fail="0" skip="0">Smoke</stat>
</tag>
<suite>
<stat pass="3" fail="0" skip="0" id="s1" name="Parallel TestCase Execution">Parallel TestCase Execution</stat>
</suite>
</statistics>
<errors>
</errors>
</robot>
