<?xml version="1.0" encoding="UTF-8"?>
<robot generator="Robot 4.1.3 (Python 3.8.2 on win32)" generated="20220712 13:37:17.421" rpa="false" schemaversion="2">
<suite id="s1" name="Suites">
<suite id="s1-s1" name="OrangeHRM Login WithVariables" source="C:\Users\adixit\PycharmProjects\RobotFramework\OrangeHRM\OrangeHRM_Login_WithVariables.robot">
<test id="s1-s1-t1" name="Launch OrangeHRM Login Page">
<kw name="Open Browser" library="SeleniumLibrary">
<arg>${url}</arg>
<arg>${browser}</arg>
<doc>Opens a new browser instance to the optional ``url``.</doc>
<msg timestamp="20220712 13:37:18.029" level="INFO">Opening browser 'firefox' to base url 'https://opensource-demo1.orangehrmlive.com/'.</msg>
<msg timestamp="20220712 13:37:18.031" level="INFO">Firefox driver log is always forced to to: C:\Users\adixit\PycharmProjects\RobotFramework\Results\pabot_results\6\geckodriver-1.log</msg>
<status status="PASS" starttime="20220712 13:37:18.028" endtime="20220712 13:37:38.218"/>
</kw>
<kw name="Maximize Browser Window" library="SeleniumLibrary">
<doc>Maximizes current browser window.</doc>
<status status="PASS" starttime="20220712 13:37:38.220" endtime="20220712 13:37:38.750"/>
</kw>
<kw name="Input Text" library="SeleniumLibrary">
<arg>name=txtUsername</arg>
<arg>Admin</arg>
<doc>Types the given ``text`` into the text field identified by ``locator``.</doc>
<msg timestamp="20220712 13:37:38.752" level="INFO">Typing text 'Admin' into text field 'name=txtUsername'.</msg>
<status status="PASS" starttime="20220712 13:37:38.751" endtime="20220712 13:37:38.922"/>
</kw>
<kw name="Input Text" library="SeleniumLibrary">
<arg>name=txtPassword</arg>
<arg>admin123</arg>
<doc>Types the given ``text`` into the text field identified by ``locator``.</doc>
<msg timestamp="20220712 13:37:38.928" level="INFO">Typing text 'admin123' into text field 'name=txtPassword'.</msg>
<status status="PASS" starttime="20220712 13:37:38.926" endtime="20220712 13:37:39.016"/>
</kw>
<kw name="Click Button" library="SeleniumLibrary">
<arg>xpath=//input[@id='btnLogin']</arg>
<doc>Clicks the button identified by ``locator``.</doc>
<msg timestamp="20220712 13:37:39.018" level="INFO">Clicking button 'xpath=//input[@id='btnLogin']'.</msg>
<status status="PASS" starttime="20220712 13:37:39.016" endtime="20220712 13:37:41.218"/>
</kw>
<kw name="Element Text Should Be" library="SeleniumLibrary">
<arg>link=Dashboard</arg>
<arg>Dashboard</arg>
<doc>Verifies that element ``locator`` contains exact the text ``expected``.</doc>
<msg timestamp="20220712 13:37:41.221" level="INFO">Verifying element 'link=Dashboard' contains exact text 'Dashboard'.</msg>
<kw name="Capture Page Screenshot" library="SeleniumLibrary">
<doc>Takes a screenshot of the current page and embeds it into a log file.</doc>
<msg timestamp="20220712 13:37:42.193" level="INFO" html="true">&lt;/td&gt;&lt;/tr&gt;&lt;tr&gt;&lt;td colspan="3"&gt;&lt;a href="selenium-screenshot-1.png"&gt;&lt;img src="selenium-screenshot-1.png" width="800px"&gt;&lt;/a&gt;</msg>
<status status="PASS" starttime="20220712 13:37:41.790" endtime="20220712 13:37:42.194"/>
</kw>
<msg timestamp="20220712 13:37:42.211" level="FAIL">Element with locator 'link=Dashboard' not found.</msg>
<status status="FAIL" starttime="20220712 13:37:41.219" endtime="20220712 13:37:42.212"/>
</kw>
<kw name="Close Browser" library="SeleniumLibrary">
<doc>Closes the current browser.</doc>
<status status="NOT RUN" starttime="20220712 13:37:42.214" endtime="20220712 13:37:42.215"/>
</kw>
<status status="FAIL" starttime="20220712 13:37:18.026" endtime="20220712 13:37:42.228">Element with locator 'link=Dashboard' not found.</status>
</test>
<doc>Suite description</doc>
<status status="FAIL" starttime="20220712 13:37:17.496" endtime="20220712 13:37:42.235"/>
</suite>
<status status="FAIL" starttime="20220712 13:37:17.445" endtime="20220712 13:37:42.250"/>
</suite>
<statistics>
<total>
<stat pass="0" fail="1" skip="0">All Tests</stat>
</total>
<tag>
</tag>
<suite>
<stat pass="0" fail="1" skip="0" id="s1" name="Suites">Suites</stat>
<stat pass="0" fail="1" skip="0" id="s1-s1" name="OrangeHRM Login WithVariables">Suites.OrangeHRM Login WithVariables</stat>
</suite>
</statistics>
<errors>
</errors>
</robot>
