<?xml version="1.0" encoding="UTF-8"?>
<robot generator="Robot 4.1.3 (Python 3.8.2 on win32)" generated="20220712 14:18:36.270" rpa="false" schemaversion="2">
<suite id="s1" name="WebOrder Add Order DeleteOrder" source="C:\Users\adixit\PycharmProjects\RobotFramework\OrangeHRM\WebOrder_Add_Order_DeleteOrder.robot">
<test id="s1-t1" name="Go to View All Orders and Verify that user got added">
<kw name="Click Link" library="SeleniumLibrary">
<arg>link=View all orders</arg>
<doc>Clicks a link identified by ``locator``.</doc>
<msg timestamp="20220712 14:18:37.031" level="INFO">Clicking link 'link=View all orders'.</msg>
<kw name="Capture Page Screenshot" library="SeleniumLibrary">
<doc>Takes a screenshot of the current page and embeds it into a log file.</doc>
<msg timestamp="20220712 14:18:37.033" level="INFO">Cannot capture screenshot because no browser is open.</msg>
<status status="PASS" starttime="20220712 14:18:37.032" endtime="20220712 14:18:37.033"/>
</kw>
<msg timestamp="20220712 14:18:37.043" level="FAIL">No browser is open.</msg>
<status status="FAIL" starttime="20220712 14:18:37.030" endtime="20220712 14:18:37.043"/>
</kw>
<kw name="Sleep" library="BuiltIn">
<arg>2s</arg>
<doc>Pauses the test executed for the given time.</doc>
<status status="NOT RUN" starttime="20220712 14:18:37.044" endtime="20220712 14:18:37.044"/>
</kw>
<kw name="Click Element" library="SeleniumLibrary">
<arg>xpath=//td[normalize-space()='Dixit']//preceding-sibling::td/input</arg>
<doc>Click the element identified by ``locator``.</doc>
<status status="NOT RUN" starttime="20220712 14:18:37.045" endtime="20220712 14:18:37.046"/>
</kw>
<kw name="Sleep" library="BuiltIn">
<arg>5s</arg>
<doc>Pauses the test executed for the given time.</doc>
<status status="NOT RUN" starttime="20220712 14:18:37.046" endtime="20220712 14:18:37.047"/>
</kw>
<kw name="Click Element" library="SeleniumLibrary">
<arg>xpath=//td[normalize-space()='Dixit']//following-sibling::td/input</arg>
<doc>Click the element identified by ``locator``.</doc>
<status status="NOT RUN" starttime="20220712 14:18:37.047" endtime="20220712 14:18:37.048"/>
</kw>
<kw name="Sleep" library="BuiltIn">
<arg>2s</arg>
<doc>Pauses the test executed for the given time.</doc>
<status status="NOT RUN" starttime="20220712 14:18:37.049" endtime="20220712 14:18:37.050"/>
</kw>
<kw name="Page Should Contain" library="SeleniumLibrary">
<arg>Edit Order</arg>
<doc>Verifies that current page contains ``text``.</doc>
<status status="NOT RUN" starttime="20220712 14:18:37.050" endtime="20220712 14:18:37.051"/>
</kw>
<kw name="Sleep" library="BuiltIn">
<arg>5s</arg>
<doc>Pauses the test executed for the given time.</doc>
<status status="NOT RUN" starttime="20220712 14:18:37.052" endtime="20220712 14:18:37.053"/>
</kw>
<status status="FAIL" starttime="20220712 14:18:37.027" endtime="20220712 14:18:37.054">No browser is open.</status>
</test>
<doc>Suite description</doc>
<status status="FAIL" starttime="20220712 14:18:36.297" endtime="20220712 14:18:37.057"/>
</suite>
<statistics>
<total>
<stat pass="0" fail="1" skip="0">All Tests</stat>
</total>
<tag>
</tag>
<suite>
<stat pass="0" fail="1" skip="0" id="s1" name="WebOrder Add Order DeleteOrder">WebOrder Add Order DeleteOrder</stat>
</suite>
</statistics>
<errors>
</errors>
</robot>
