<?xml version="1.0" encoding="UTF-8"?>
<robot generator="Robot 4.1.3 (Python 3.8.2 on win32)" generated="20220712 14:23:57.988" rpa="false" schemaversion="2">
<suite id="s1" name="Parallel TestCase Execution" source="C:\Users\adixit\PycharmProjects\RobotFramework\OrangeHRM\Parallel_TestCase_Execution.robot">
<test id="s1-t1" name="Verify that a string can be written and read from a Simple Iframe">
<kw name="Open Browser" library="SeleniumLibrary">
<arg>https://netbanking.hdfcbank.com/netbanking/</arg>
<arg>Chrome</arg>
<doc>Opens a new browser instance to the optional ``url``.</doc>
<msg timestamp="20220712 14:23:58.477" level="INFO">Opening browser 'Chrome' to base url 'https://netbanking.hdfcbank.com/netbanking/'.</msg>
<status status="PASS" starttime="20220712 14:23:58.476" endtime="20220712 14:24:07.836"/>
</kw>
<kw name="Wait Until Element Is Visible" library="SeleniumLibrary">
<arg>xpath=//frame[@name='login_page']</arg>
<arg>timeout=5</arg>
<doc>Waits until the element ``locator`` is visible.</doc>
<status status="PASS" starttime="20220712 14:24:07.837" endtime="20220712 14:24:08.130"/>
</kw>
<kw name="Select Frame" library="SeleniumLibrary">
<arg>name=login_page</arg>
<doc>Sets frame identified by ``locator`` as the current frame.</doc>
<msg timestamp="20220712 14:24:08.132" level="INFO">Selecting frame 'name=login_page'.</msg>
<status status="PASS" starttime="20220712 14:24:08.131" endtime="20220712 14:24:08.336"/>
</kw>
<kw name="Input Text" library="SeleniumLibrary">
<arg>css=input[name='fldLoginUserId']</arg>
<arg>1000</arg>
<doc>Types the given ``text`` into the text field identified by ``locator``.</doc>
<msg timestamp="20220712 14:24:08.339" level="INFO">Typing text '1000' into text field 'css=input[name='fldLoginUserId']'.</msg>
<status status="PASS" starttime="20220712 14:24:08.337" endtime="20220712 14:24:08.737"/>
</kw>
<kw name="Click Element" library="SeleniumLibrary">
<arg>xpath=//a[normalize-space()='CONTINUE']</arg>
<doc>Click the element identified by ``locator``.</doc>
<msg timestamp="20220712 14:24:08.740" level="INFO">Clicking element 'xpath=//a[normalize-space()='CONTINUE']'.</msg>
<status status="PASS" starttime="20220712 14:24:08.738" endtime="20220712 14:24:10.634"/>
</kw>
<kw name="Element Should Contain" library="SeleniumLibrary">
<arg>xpath=//span[normalize-space()='Password/ IPIN']</arg>
<arg>Password/ IPIN</arg>
<doc>Verifies that element ``locator`` contains text ``expected``.</doc>
<msg timestamp="20220712 14:24:10.715" level="INFO">Element 'xpath=//span[normalize-space()='Password/ IPIN']' contains text 'Password/ IPIN'.</msg>
<status status="PASS" starttime="20220712 14:24:10.636" endtime="20220712 14:24:10.716"/>
</kw>
<kw name="Sleep" library="BuiltIn">
<arg>2s</arg>
<doc>Pauses the test executed for the given time.</doc>
<msg timestamp="20220712 14:24:12.719" level="INFO">Slept 2 seconds</msg>
<status status="PASS" starttime="20220712 14:24:10.716" endtime="20220712 14:24:12.719"/>
</kw>
<doc>This test case handle iframe</doc>
<status status="PASS" starttime="20220712 14:23:58.474" endtime="20220712 14:24:12.720"/>
</test>
<doc>Suite description</doc>
<status status="PASS" starttime="20220712 14:23:58.011" endtime="20220712 14:24:12.723"/>
</suite>
<statistics>
<total>
<stat pass="1" fail="0" skip="0">All Tests</stat>
</total>
<tag>
</tag>
<suite>
<stat pass="1" fail="0" skip="0" id="s1" name="Parallel TestCase Execution">Parallel TestCase Execution</stat>
</suite>
</statistics>
<errors>
</errors>
</robot>
