<?xml version="1.0" encoding="UTF-8"?>
<robot generator="Rebot 4.1.3 (Python 3.8.2 on win32)" generated="20220712 14:36:16.883" rpa="false" schemaversion="2">
<suite id="s1" name="Depends On TestCase Execution" source="C:\Users\adixit\PycharmProjects\RobotFramework\OrangeHRM\Depends_On_TestCase_Execution.robot">
<test id="s1-t1" name="Login_To_OrangeHRM">
<kw name="Open Browser" library="SeleniumLibrary">
<arg>https://opensource-demo.orangehrmlive.com/</arg>
<arg>chrome</arg>
<doc>Opens a new browser instance to the optional ``url``.</doc>
<msg timestamp="20220712 14:36:05.097" level="INFO">Opening browser 'chrome' to base url 'https://opensource-demo.orangehrmlive.com/'.</msg>
<status status="PASS" starttime="20220712 14:36:05.095" endtime="20220712 14:36:11.360"/>
</kw>
<kw name="Maximize Browser Window" library="SeleniumLibrary">
<doc>Maximizes current browser window.</doc>
<status status="PASS" starttime="20220712 14:36:11.361" endtime="20220712 14:36:11.544"/>
</kw>
<kw name="Input Text" library="SeleniumLibrary">
<arg>xpath=//input[@id='txtUsername']</arg>
<arg>Admin</arg>
<doc>Types the given ``text`` into the text field identified by ``locator``.</doc>
<msg timestamp="20220712 14:36:11.547" level="INFO">Typing text 'Admin' into text field 'xpath=//input[@id='txtUsername']'.</msg>
<status status="PASS" starttime="20220712 14:36:11.545" endtime="20220712 14:36:11.964"/>
</kw>
<kw name="Input Text" library="SeleniumLibrary">
<arg>name=txtPassword</arg>
<arg>admin123</arg>
<doc>Types the given ``text`` into the text field identified by ``locator``.</doc>
<msg timestamp="20220712 14:36:11.965" level="INFO">Typing text 'admin123' into text field 'name=txtPassword'.</msg>
<status status="PASS" starttime="20220712 14:36:11.964" endtime="20220712 14:36:12.323"/>
</kw>
<kw name="Click Button" library="SeleniumLibrary">
<arg>css=input[id='btnLogin']</arg>
<doc>Clicks the button identified by ``locator``.</doc>
<msg timestamp="20220712 14:36:12.326" level="INFO">Clicking button 'css=input[id='btnLogin']'.</msg>
<status status="PASS" starttime="20220712 14:36:12.324" endtime="20220712 14:36:16.494"/>
</kw>
<kw name="Page Should Contain Link" library="SeleniumLibrary">
<arg>Dashboard</arg>
<arg>timeout=5</arg>
<doc>Verifies link identified by ``locator`` is found from current page.</doc>
<msg timestamp="20220712 14:36:16.535" level="INFO">Current page contains link 'Dashboard'.</msg>
<status status="PASS" starttime="20220712 14:36:16.495" endtime="20220712 14:36:16.535"/>
</kw>
<status status="PASS" starttime="20220712 14:36:05.095" endtime="20220712 14:36:16.536"/>
</test>
<test id="s1-t2" name="AddButton">
<kw name="Depends On Test" library="DependencyLibrary">
<arg>Login_To_OrangeHRM</arg>
<msg timestamp="20220712 14:36:05.106" level="FAIL">Dependency not met: test case 'Login_To_OrangeHRM' not found.</msg>
<status status="FAIL" starttime="20220712 14:36:05.103" endtime="20220712 14:36:05.106"/>
</kw>
<kw name="Mouse Over" library="SeleniumLibrary">
<arg>link=Admin</arg>
<doc>Simulates hovering the mouse over the element ``locator``.</doc>
<status status="NOT RUN" starttime="20220712 14:36:05.107" endtime="20220712 14:36:05.107"/>
</kw>
<kw name="Sleep" library="BuiltIn">
<arg>2s</arg>
<doc>Pauses the test executed for the given time.</doc>
<status status="NOT RUN" starttime="20220712 14:36:05.107" endtime="20220712 14:36:05.108"/>
</kw>
<kw name="Mouse Over" library="SeleniumLibrary">
<arg>link=User Management</arg>
<doc>Simulates hovering the mouse over the element ``locator``.</doc>
<status status="NOT RUN" starttime="20220712 14:36:05.108" endtime="20220712 14:36:05.108"/>
</kw>
<kw name="Click Link" library="SeleniumLibrary">
<arg>link=Users</arg>
<doc>Clicks a link identified by ``locator``.</doc>
<status status="NOT RUN" starttime="20220712 14:36:05.109" endtime="20220712 14:36:05.109"/>
</kw>
<kw name="Click Button" library="SeleniumLibrary">
<arg>name=btnAdd</arg>
<doc>Clicks the button identified by ``locator``.</doc>
<status status="NOT RUN" starttime="20220712 14:36:05.109" endtime="20220712 14:36:05.109"/>
</kw>
<status status="FAIL" starttime="20220712 14:36:05.100" endtime="20220712 14:36:05.110">Dependency not met: test case 'Login_To_OrangeHRM' not found.</status>
</test>
<test id="s1-t3" name="AddUser">
<kw name="Depends On Test" library="DependencyLibrary">
<arg>AddButton</arg>
<msg timestamp="20220712 14:36:05.118" level="FAIL">Dependency not met: test case 'AddButton' not found.</msg>
<status status="FAIL" starttime="20220712 14:36:05.116" endtime="20220712 14:36:05.119"/>
</kw>
<kw name="Generate Random String" library="String">
<var>${random_num}</var>
<doc>Generates a string with a desired ``length`` from the given ``chars``.</doc>
<status status="NOT RUN" starttime="20220712 14:36:05.119" endtime="20220712 14:36:05.120"/>
</kw>
<kw name="Catenate" library="BuiltIn">
<var>${empname}</var>
<arg>SEPARATOR=</arg>
<arg>Abhi</arg>
<arg>${random_num}</arg>
<doc>Catenates the given items together and returns the resulted string.</doc>
<status status="NOT RUN" starttime="20220712 14:36:05.120" endtime="20220712 14:36:05.122"/>
</kw>
<kw name="Log To Console" library="BuiltIn">
<arg>${empname}</arg>
<doc>Logs the given message to the console.</doc>
<status status="NOT RUN" starttime="20220712 14:36:05.122" endtime="20220712 14:36:05.123"/>
</kw>
<kw name="Set Global Variable" library="BuiltIn">
<arg>${empname}</arg>
<doc>Makes a variable available globally in all tests and suites.</doc>
<status status="NOT RUN" starttime="20220712 14:36:05.123" endtime="20220712 14:36:05.124"/>
</kw>
<kw name="Select From List By Label" library="SeleniumLibrary">
<arg>id=systemUser_userType</arg>
<arg>Admin</arg>
<doc>Selects options from selection list ``locator`` by ``labels``.</doc>
<status status="NOT RUN" starttime="20220712 14:36:05.124" endtime="20220712 14:36:05.124"/>
</kw>
<kw name="Input Text" library="SeleniumLibrary">
<arg>id=systemUser_employeeName_empName</arg>
<arg>Fiona Grace</arg>
<doc>Types the given ``text`` into the text field identified by ``locator``.</doc>
<status status="NOT RUN" starttime="20220712 14:36:05.124" endtime="20220712 14:36:05.124"/>
</kw>
<kw name="Input Text" library="SeleniumLibrary">
<arg>id=systemUser_userName</arg>
<arg>${empname}</arg>
<doc>Types the given ``text`` into the text field identified by ``locator``.</doc>
<status status="NOT RUN" starttime="20220712 14:36:05.124" endtime="20220712 14:36:05.124"/>
</kw>
<kw name="Select From List By Value" library="SeleniumLibrary">
<arg>id=systemUser_status</arg>
<arg>1</arg>
<doc>Selects options from selection list ``locator`` by ``values``.</doc>
<status status="NOT RUN" starttime="20220712 14:36:05.126" endtime="20220712 14:36:05.126"/>
</kw>
<kw name="Input Text" library="SeleniumLibrary">
<arg>id=systemUser_password</arg>
<arg>admin123</arg>
<doc>Types the given ``text`` into the text field identified by ``locator``.</doc>
<status status="NOT RUN" starttime="20220712 14:36:05.126" endtime="20220712 14:36:05.126"/>
</kw>
<kw name="Input Text" library="SeleniumLibrary">
<arg>id=systemUser_confirmPassword</arg>
<arg>admin123</arg>
<doc>Types the given ``text`` into the text field identified by ``locator``.</doc>
<status status="NOT RUN" starttime="20220712 14:36:05.126" endtime="20220712 14:36:05.126"/>
</kw>
<kw name="Click Button" library="SeleniumLibrary">
<arg>id=btnSave</arg>
<doc>Clicks the button identified by ``locator``.</doc>
<status status="NOT RUN" starttime="20220712 14:36:05.126" endtime="20220712 14:36:05.127"/>
</kw>
<kw name="Sleep" library="BuiltIn">
<arg>5s</arg>
<doc>Pauses the test executed for the given time.</doc>
<status status="NOT RUN" starttime="20220712 14:36:05.127" endtime="20220712 14:36:05.127"/>
</kw>
<status status="FAIL" starttime="20220712 14:36:05.114" endtime="20220712 14:36:05.129">Dependency not met: test case 'AddButton' not found.</status>
</test>
<test id="s1-t4" name="VerifyUser">
<kw name="Depends On Test" library="DependencyLibrary">
<arg>AddUser</arg>
<msg timestamp="20220712 14:36:08.460" level="FAIL">Dependency not met: test case 'AddUser' not found.</msg>
<status status="FAIL" starttime="20220712 14:36:08.455" endtime="20220712 14:36:08.461"/>
</kw>
<kw name="Table Should Contain" library="SeleniumLibrary">
<arg>xpath=//table[@id='resultTable']</arg>
<arg>${empname}</arg>
<doc>Verifies table contains text ``expected``.</doc>
<status status="NOT RUN" starttime="20220712 14:36:08.462" endtime="20220712 14:36:08.463"/>
</kw>
<kw name="Sleep" library="BuiltIn">
<arg>5s</arg>
<doc>Pauses the test executed for the given time.</doc>
<status status="NOT RUN" starttime="20220712 14:36:08.464" endtime="20220712 14:36:08.464"/>
</kw>
<status status="FAIL" starttime="20220712 14:36:08.451" endtime="20220712 14:36:08.465">Dependency not met: test case 'AddUser' not found.</status>
</test>
<test id="s1-t5" name="DeleteUser">
<kw name="Depends On Test" library="DependencyLibrary">
<arg>VerifyUser</arg>
<msg timestamp="20220712 14:36:08.611" level="FAIL">Dependency not met: test case 'VerifyUser' not found.</msg>
<status status="FAIL" starttime="20220712 14:36:08.606" endtime="20220712 14:36:08.613"/>
</kw>
<kw name="Click Element" library="SeleniumLibrary">
<arg>xpath=//a[normalize-space()='${empname}']//parent::td/../td/input</arg>
<doc>Click the element identified by ``locator``.</doc>
<status status="NOT RUN" starttime="20220712 14:36:08.615" endtime="20220712 14:36:08.616"/>
</kw>
<kw name="Sleep" library="BuiltIn">
<arg>5s</arg>
<doc>Pauses the test executed for the given time.</doc>
<status status="NOT RUN" starttime="20220712 14:36:08.617" endtime="20220712 14:36:08.618"/>
</kw>
<kw name="Click Element" library="SeleniumLibrary">
<arg>id=btnDelete</arg>
<doc>Click the element identified by ``locator``.</doc>
<status status="NOT RUN" starttime="20220712 14:36:08.619" endtime="20220712 14:36:08.619"/>
</kw>
<kw name="Sleep" library="BuiltIn">
<arg>2s</arg>
<doc>Pauses the test executed for the given time.</doc>
<status status="NOT RUN" starttime="20220712 14:36:08.622" endtime="20220712 14:36:08.623"/>
</kw>
<kw name="Click Element" library="SeleniumLibrary">
<arg>id=dialogDeleteBtn</arg>
<doc>Click the element identified by ``locator``.</doc>
<status status="NOT RUN" starttime="20220712 14:36:08.623" endtime="20220712 14:36:08.624"/>
</kw>
<kw name="Sleep" library="BuiltIn">
<arg>5s</arg>
<doc>Pauses the test executed for the given time.</doc>
<status status="NOT RUN" starttime="20220712 14:36:08.625" endtime="20220712 14:36:08.626"/>
</kw>
<status status="FAIL" starttime="20220712 14:36:08.603" endtime="20220712 14:36:08.627">Dependency not met: test case 'VerifyUser' not found.</status>
</test>
<test id="s1-t6" name="Close Browser at end">
<kw name="Close Browser" library="SeleniumLibrary">
<doc>Closes the current browser.</doc>
<status status="PASS" starttime="20220712 14:36:12.524" endtime="20220712 14:36:12.525"/>
</kw>
<status status="PASS" starttime="20220712 14:36:12.519" endtime="20220712 14:36:12.528"/>
</test>
<doc>Suite description</doc>
<status status="FAIL" starttime="20220712 14:36:04.400" endtime="20220712 14:36:16.537"/>
</suite>
<statistics>
<total>
<stat pass="2" fail="4" skip="0">All Tests</stat>
</total>
<tag>
</tag>
<suite>
<stat pass="2" fail="4" skip="0" id="s1" name="Depends On TestCase Execution">Depends On TestCase Execution</stat>
</suite>
</statistics>
<errors>
</errors>
</robot>
