<?xml version="1.0" encoding="UTF-8"?>
<robot generator="Robot 4.1.3 (Python 3.8.2 on win32)" generated="20220712 13:37:18.476" rpa="false" schemaversion="2">
<suite id="s1" name="Suites">
<suite id="s1-s1" name="OrangeHRM Logo Click" source="C:\Users\adixit\PycharmProjects\RobotFramework\OrangeHRM\OrangeHRM_Logo_Click.robot">
<test id="s1-s1-t1" name="OrangeHRM_Logo_Click">
<kw name="Open Browser" library="SeleniumLibrary">
<arg>https://opensource-demo.orangehrmlive.com/</arg>
<arg>chrome</arg>
<doc>Opens a new browser instance to the optional ``url``.</doc>
<msg timestamp="20220712 13:37:18.963" level="INFO">Opening browser 'chrome' to base url 'https://opensource-demo.orangehrmlive.com/'.</msg>
<status status="PASS" starttime="20220712 13:37:18.962" endtime="20220712 13:37:26.337"/>
</kw>
<kw name="Maximize Browser Window" library="SeleniumLibrary">
<doc>Maximizes current browser window.</doc>
<status status="PASS" starttime="20220712 13:37:26.337" endtime="20220712 13:37:27.502"/>
</kw>
<kw name="Input Text" library="SeleniumLibrary">
<arg>name=txtUsername</arg>
<arg>Admin</arg>
<doc>Types the given ``text`` into the text field identified by ``locator``.</doc>
<msg timestamp="20220712 13:37:27.504" level="INFO">Typing text 'Admin' into text field 'name=txtUsername'.</msg>
<status status="PASS" starttime="20220712 13:37:27.503" endtime="20220712 13:37:29.596"/>
</kw>
<kw name="Input Text" library="SeleniumLibrary">
<arg>name=txtPassword</arg>
<arg>admin123</arg>
<doc>Types the given ``text`` into the text field identified by ``locator``.</doc>
<msg timestamp="20220712 13:37:29.598" level="INFO">Typing text 'admin123' into text field 'name=txtPassword'.</msg>
<status status="PASS" starttime="20220712 13:37:29.597" endtime="20220712 13:37:31.447"/>
</kw>
<kw name="Click Button" library="SeleniumLibrary">
<arg>xpath=//input[@id='btnLogin']</arg>
<doc>Clicks the button identified by ``locator``.</doc>
<msg timestamp="20220712 13:37:31.448" level="INFO">Clicking button 'xpath=//input[@id='btnLogin']'.</msg>
<status status="PASS" starttime="20220712 13:37:31.447" endtime="20220712 13:37:36.768"/>
</kw>
<kw name="Element Text Should Be" library="SeleniumLibrary">
<arg>link=Dashboard</arg>
<arg>Dashboard</arg>
<doc>Verifies that element ``locator`` contains exact the text ``expected``.</doc>
<msg timestamp="20220712 13:37:36.770" level="INFO">Verifying element 'link=Dashboard' contains exact text 'Dashboard'.</msg>
<status status="PASS" starttime="20220712 13:37:36.769" endtime="20220712 13:37:38.977"/>
</kw>
<kw name="Click Image" library="SeleniumLibrary">
<arg>xpath=//img[@alt='OrangeHRM']</arg>
<doc>Clicks an image identified by ``locator``.</doc>
<msg timestamp="20220712 13:37:38.979" level="INFO">Clicking image 'xpath=//img[@alt='OrangeHRM']'.</msg>
<status status="PASS" starttime="20220712 13:37:38.978" endtime="20220712 13:37:39.784"/>
</kw>
<kw name="Sleep" library="BuiltIn">
<arg>2s</arg>
<doc>Pauses the test executed for the given time.</doc>
<msg timestamp="20220712 13:37:41.799" level="INFO">Slept 2 seconds</msg>
<status status="PASS" starttime="20220712 13:37:39.785" endtime="20220712 13:37:41.800"/>
</kw>
<kw name="Close Browser" library="SeleniumLibrary">
<doc>Closes the current browser.</doc>
<status status="PASS" starttime="20220712 13:37:41.801" endtime="20220712 13:37:44.653"/>
</kw>
<tag>Test</tag>
<status status="PASS" starttime="20220712 13:37:18.959" endtime="20220712 13:37:44.655"/>
</test>
<doc>Suite description</doc>
<status status="PASS" starttime="20220712 13:37:18.530" endtime="20220712 13:37:44.658"/>
</suite>
<status status="PASS" starttime="20220712 13:37:18.495" endtime="20220712 13:37:44.664"/>
</suite>
<statistics>
<total>
<stat pass="1" fail="0" skip="0">All Tests</stat>
</total>
<tag>
<stat pass="1" fail="0" skip="0">Test</stat>
</tag>
<suite>
<stat pass="1" fail="0" skip="0" id="s1" name="Suites">Suites</stat>
<stat pass="1" fail="0" skip="0" id="s1-s1" name="OrangeHRM Logo Click">Suites.OrangeHRM Logo Click</stat>
</suite>
</statistics>
<errors>
</errors>
</robot>
