<?xml version="1.0" encoding="UTF-8"?>
<robot generator="Robot 4.1.3 (Python 3.8.2 on win32)" generated="20220712 14:24:13.097" rpa="false" schemaversion="2">
<suite id="s1" name="Parallel TestCase Execution" source="C:\Users\adixit\PycharmProjects\RobotFramework\OrangeHRM\Parallel_TestCase_Execution.robot">
<test id="s1-t1" name="Close browser at end">
<kw name="Close All Browsers" library="SeleniumLibrary">
<doc>Closes all open browsers and resets the browser cache.</doc>
<status status="PASS" starttime="20220712 14:24:14.500" endtime="20220712 14:24:14.501"/>
</kw>
<status status="PASS" starttime="20220712 14:24:14.498" endtime="20220712 14:24:14.502"/>
</test>
<doc>Suite description</doc>
<status status="PASS" starttime="20220712 14:24:13.191" endtime="20220712 14:24:14.507"/>
</suite>
<statistics>
<total>
<stat pass="1" fail="0" skip="0">All Tests</stat>
</total>
<tag>
</tag>
<suite>
<stat pass="1" fail="0" skip="0" id="s1" name="Parallel TestCase Execution">Parallel TestCase Execution</stat>
</suite>
</statistics>
<errors>
</errors>
</robot>
