<?xml version="1.0" encoding="UTF-8"?>
<robot generator="Robot 4.0.3 (Python 3.8.2 on win32)" generated="20210618 15:26:32.154" rpa="false" schemaversion="2">
<suite id="s1" name="Suites">
<suite id="s1-s1" name="OrangeHRM Logo Click" source="C:\Users\adixit\PycharmProjects\RobotFramework\OrangeHRM\OrangeHRM_Logo_Click.robot">
<test id="s1-s1-t1" name="OrangeHRM_Logo_Click">
<kw name="Open Browser" library="SeleniumLibrary">
<arg>https://opensource-demo.orangehrmlive.com/</arg>
<arg>chrome</arg>
<doc>Opens a new browser instance to the optional ``url``.</doc>
<msg timestamp="20210618 15:26:33.357" level="INFO">Opening browser 'chrome' to base url 'https://opensource-demo.orangehrmlive.com/'.</msg>
<status status="PASS" starttime="20210618 15:26:33.354" endtime="20210618 15:26:56.468"/>
</kw>
<kw name="Maximize Browser Window" library="SeleniumLibrary">
<doc>Maximizes current browser window.</doc>
<status status="PASS" starttime="20210618 15:26:56.469" endtime="20210618 15:26:58.814"/>
</kw>
<kw name="Input Text" library="SeleniumLibrary">
<arg>name=txtUsername</arg>
<arg>Admin</arg>
<doc>Types the given ``text`` into the text field identified by ``locator``.</doc>
<msg timestamp="20210618 15:26:58.817" level="INFO">Typing text 'Admin' into text field 'name=txtUsername'.</msg>
<status status="PASS" starttime="20210618 15:26:58.815" endtime="20210618 15:26:59.491"/>
</kw>
<kw name="Input Text" library="SeleniumLibrary">
<arg>name=txtPassword</arg>
<arg>admin123</arg>
<doc>Types the given ``text`` into the text field identified by ``locator``.</doc>
<msg timestamp="20210618 15:26:59.493" level="INFO">Typing text 'admin123' into text field 'name=txtPassword'.</msg>
<status status="PASS" starttime="20210618 15:26:59.492" endtime="20210618 15:26:59.840"/>
</kw>
<kw name="Click Button" library="SeleniumLibrary">
<arg>xpath=//input[@id='btnLogin']</arg>
<doc>Clicks the button identified by ``locator``.</doc>
<msg timestamp="20210618 15:26:59.842" level="INFO">Clicking button 'xpath=//input[@id='btnLogin']'.</msg>
<status status="PASS" starttime="20210618 15:26:59.841" endtime="20210618 15:27:05.491"/>
</kw>
<kw name="Element Text Should Be" library="SeleniumLibrary">
<arg>link=Dashboard</arg>
<arg>Dashboard</arg>
<doc>Verifies that element ``locator`` contains exact the text ``expected``.</doc>
<msg timestamp="20210618 15:27:05.494" level="INFO">Verifying element 'link=Dashboard' contains exact text 'Dashboard'.</msg>
<status status="PASS" starttime="20210618 15:27:05.492" endtime="20210618 15:27:06.310"/>
</kw>
<kw name="Click Image" library="SeleniumLibrary">
<arg>xpath=//img[@alt='OrangeHRM']</arg>
<doc>Clicks an image identified by ``locator``.</doc>
<msg timestamp="20210618 15:27:06.312" level="INFO">Clicking image 'xpath=//img[@alt='OrangeHRM']'.</msg>
<status status="PASS" starttime="20210618 15:27:06.310" endtime="20210618 15:27:09.320"/>
</kw>
<kw name="Sleep" library="BuiltIn">
<arg>2s</arg>
<doc>Pauses the test executed for the given time.</doc>
<msg timestamp="20210618 15:27:11.322" level="INFO">Slept 2 seconds</msg>
<status status="PASS" starttime="20210618 15:27:09.321" endtime="20210618 15:27:11.323"/>
</kw>
<kw name="Close Browser" library="SeleniumLibrary">
<doc>Closes the current browser.</doc>
<status status="PASS" starttime="20210618 15:27:11.325" endtime="20210618 15:27:17.475"/>
</kw>
<status status="PASS" starttime="20210618 15:26:33.351" endtime="20210618 15:27:17.476"/>
</test>
<doc>Suite description</doc>
<status status="PASS" starttime="20210618 15:26:32.304" endtime="20210618 15:27:17.479"/>
</suite>
<status status="PASS" starttime="20210618 15:26:32.188" endtime="20210618 15:27:17.495"/>
</suite>
<statistics>
<total>
<stat pass="1" fail="0" skip="0">All Tests</stat>
</total>
<tag>
</tag>
<suite>
<stat pass="1" fail="0" skip="0" id="s1" name="Suites">Suites</stat>
<stat pass="1" fail="0" skip="0" id="s1-s1" name="OrangeHRM Logo Click">Suites.OrangeHRM Logo Click</stat>
</suite>
</statistics>
<errors>
</errors>
</robot>
