<?xml version="1.0" encoding="UTF-8"?>
<robot generator="Robot 4.0.3 (Python 3.8.2 on win32)" generated="20210618 15:27:53.025" rpa="false" schemaversion="2">
<suite id="s1" name="Suites">
<suite id="s1-s1" name="OrangeHRM AddUser Verify User" source="C:\Users\adixit\PycharmProjects\RobotFramework\OrangeHRM\OrangeHRM_AddUser_Verify_User.robot">
<test id="s1-s1-t1" name="Launch OrangeHRM and login to application">
<kw name="Open Browser" library="SeleniumLibrary">
<arg>https://opensource-demo.orangehrmlive.com/</arg>
<arg>chrome</arg>
<doc>Opens a new browser instance to the optional ``url``.</doc>
<msg timestamp="20210618 15:27:54.868" level="INFO">Opening browser 'chrome' to base url 'https://opensource-demo.orangehrmlive.com/'.</msg>
<status status="PASS" starttime="20210618 15:27:54.866" endtime="20210618 15:28:05.797"/>
</kw>
<kw name="Maximize Browser Window" library="SeleniumLibrary">
<doc>Maximizes current browser window.</doc>
<status status="PASS" starttime="20210618 15:28:05.798" endtime="20210618 15:28:08.364"/>
</kw>
<kw name="Input Text" library="SeleniumLibrary">
<arg>xpath=//input[@id='txtUsername']</arg>
<arg>Admin</arg>
<doc>Types the given ``text`` into the text field identified by ``locator``.</doc>
<msg timestamp="20210618 15:28:08.367" level="INFO">Typing text 'Admin' into text field 'xpath=//input[@id='txtUsername']'.</msg>
<status status="PASS" starttime="20210618 15:28:08.365" endtime="20210618 15:28:08.652"/>
</kw>
<kw name="Input Text" library="SeleniumLibrary">
<arg>name=txtPassword</arg>
<arg>admin123</arg>
<doc>Types the given ``text`` into the text field identified by ``locator``.</doc>
<msg timestamp="20210618 15:28:08.654" level="INFO">Typing text 'admin123' into text field 'name=txtPassword'.</msg>
<status status="PASS" starttime="20210618 15:28:08.653" endtime="20210618 15:28:08.910"/>
</kw>
<kw name="Click Button" library="SeleniumLibrary">
<arg>css=input[id='btnLogin']</arg>
<doc>Clicks the button identified by ``locator``.</doc>
<msg timestamp="20210618 15:28:08.912" level="INFO">Clicking button 'css=input[id='btnLogin']'.</msg>
<status status="PASS" starttime="20210618 15:28:08.911" endtime="20210618 15:28:14.356"/>
</kw>
<kw name="Page Should Contain Link" library="SeleniumLibrary">
<arg>Dashboard</arg>
<doc>Verifies link identified by ``locator`` is found from current page.</doc>
<msg timestamp="20210618 15:28:14.530" level="INFO">Current page contains link 'Dashboard'.</msg>
<status status="PASS" starttime="20210618 15:28:14.357" endtime="20210618 15:28:14.531"/>
</kw>
<tag>Smoke</tag>
<status status="PASS" starttime="20210618 15:27:54.862" endtime="20210618 15:28:14.531"/>
</test>
<test id="s1-s1-t2" name="Click on Admin-&gt;UserManagement-&gt;Users and Click on Add button">
<kw name="Mouse Over" library="SeleniumLibrary">
<arg>link=Admin</arg>
<doc>Simulates hovering the mouse over the element ``locator``.</doc>
<msg timestamp="20210618 15:28:14.538" level="INFO">Simulating Mouse Over on element 'link=Admin'.</msg>
<status status="PASS" starttime="20210618 15:28:14.537" endtime="20210618 15:28:14.979"/>
</kw>
<kw name="Sleep" library="BuiltIn">
<arg>2s</arg>
<doc>Pauses the test executed for the given time.</doc>
<msg timestamp="20210618 15:28:16.999" level="INFO">Slept 2 seconds</msg>
<status status="PASS" starttime="20210618 15:28:14.980" endtime="20210618 15:28:17.002"/>
</kw>
<kw name="Mouse Over" library="SeleniumLibrary">
<arg>link=User Management</arg>
<doc>Simulates hovering the mouse over the element ``locator``.</doc>
<msg timestamp="20210618 15:28:17.004" level="INFO">Simulating Mouse Over on element 'link=User Management'.</msg>
<status status="PASS" starttime="20210618 15:28:17.003" endtime="20210618 15:28:17.464"/>
</kw>
<kw name="Click Link" library="SeleniumLibrary">
<arg>link=Users</arg>
<doc>Clicks a link identified by ``locator``.</doc>
<msg timestamp="20210618 15:28:17.466" level="INFO">Clicking link 'link=Users'.</msg>
<status status="PASS" starttime="20210618 15:28:17.465" endtime="20210618 15:28:19.929"/>
</kw>
<kw name="Click Button" library="SeleniumLibrary">
<arg>name=btnAdd</arg>
<doc>Clicks the button identified by ``locator``.</doc>
<msg timestamp="20210618 15:28:19.931" level="INFO">Clicking button 'name=btnAdd'.</msg>
<status status="PASS" starttime="20210618 15:28:19.930" endtime="20210618 15:28:22.349"/>
</kw>
<status status="PASS" starttime="20210618 15:28:14.534" endtime="20210618 15:28:22.350"/>
</test>
<test id="s1-s1-t3" name="Add Users Details and Click on Save button">
<kw name="Select From List By Label" library="SeleniumLibrary">
<arg>id=systemUser_userType</arg>
<arg>Admin</arg>
<doc>Selects options from selection list ``locator`` by ``labels``.</doc>
<msg timestamp="20210618 15:28:22.356" level="INFO">Selecting options from selection list 'id=systemUser_userType' by label Admin.</msg>
<status status="PASS" starttime="20210618 15:28:22.354" endtime="20210618 15:28:22.975"/>
</kw>
<kw name="Input Text" library="SeleniumLibrary">
<arg>id=systemUser_employeeName_empName</arg>
<arg>Fiona Grace</arg>
<doc>Types the given ``text`` into the text field identified by ``locator``.</doc>
<msg timestamp="20210618 15:28:22.976" level="INFO">Typing text 'Fiona Grace' into text field 'id=systemUser_employeeName_empName'.</msg>
<status status="PASS" starttime="20210618 15:28:22.975" endtime="20210618 15:28:23.403"/>
</kw>
<kw name="Input Text" library="SeleniumLibrary">
<arg>id=systemUser_userName</arg>
<arg>Kumar22</arg>
<doc>Types the given ``text`` into the text field identified by ``locator``.</doc>
<msg timestamp="20210618 15:28:23.406" level="INFO">Typing text 'Kumar22' into text field 'id=systemUser_userName'.</msg>
<status status="PASS" starttime="20210618 15:28:23.404" endtime="20210618 15:28:24.278"/>
</kw>
<kw name="Select From List By Value" library="SeleniumLibrary">
<arg>id=systemUser_status</arg>
<arg>1</arg>
<doc>Selects options from selection list ``locator`` by ``values``.</doc>
<msg timestamp="20210618 15:28:24.281" level="INFO">Selecting options from selection list 'id=systemUser_status' by value 1.</msg>
<status status="PASS" starttime="20210618 15:28:24.279" endtime="20210618 15:28:25.143"/>
</kw>
<kw name="Input Text" library="SeleniumLibrary">
<arg>id=systemUser_password</arg>
<arg>admin123</arg>
<doc>Types the given ``text`` into the text field identified by ``locator``.</doc>
<msg timestamp="20210618 15:28:25.146" level="INFO">Typing text 'admin123' into text field 'id=systemUser_password'.</msg>
<status status="PASS" starttime="20210618 15:28:25.144" endtime="20210618 15:28:25.422"/>
</kw>
<kw name="Input Text" library="SeleniumLibrary">
<arg>id=systemUser_confirmPassword</arg>
<arg>admin123</arg>
<doc>Types the given ``text`` into the text field identified by ``locator``.</doc>
<msg timestamp="20210618 15:28:25.425" level="INFO">Typing text 'admin123' into text field 'id=systemUser_confirmPassword'.</msg>
<status status="PASS" starttime="20210618 15:28:25.423" endtime="20210618 15:28:25.669"/>
</kw>
<kw name="Click Button" library="SeleniumLibrary">
<arg>id=btnSave</arg>
<doc>Clicks the button identified by ``locator``.</doc>
<msg timestamp="20210618 15:28:25.671" level="INFO">Clicking button 'id=btnSave'.</msg>
<status status="PASS" starttime="20210618 15:28:25.670" endtime="20210618 15:28:30.936"/>
</kw>
<kw name="Sleep" library="BuiltIn">
<arg>2s</arg>
<doc>Pauses the test executed for the given time.</doc>
<msg timestamp="20210618 15:28:32.950" level="INFO">Slept 2 seconds</msg>
<status status="PASS" starttime="20210618 15:28:30.936" endtime="20210618 15:28:32.950"/>
</kw>
<status status="PASS" starttime="20210618 15:28:22.352" endtime="20210618 15:28:32.951"/>
</test>
<test id="s1-s1-t4" name="Verify that User added to WebTable">
<kw name="Element Text Should Be" library="SeleniumLibrary">
<arg>xpath=//a[text()='Kumar22']</arg>
<arg>Kumar22</arg>
<doc>Verifies that element ``locator`` contains exact the text ``expected``.</doc>
<msg timestamp="20210618 15:28:32.957" level="INFO">Verifying element 'xpath=//a[text()='Kumar22']' contains exact text 'Kumar22'.</msg>
<kw name="Capture Page Screenshot" library="SeleniumLibrary">
<doc>Takes a screenshot of the current page and embeds it into a log file.</doc>
<msg timestamp="20210618 15:28:39.010" level="INFO" html="true">&lt;/td&gt;&lt;/tr&gt;&lt;tr&gt;&lt;td colspan="3"&gt;&lt;a href="selenium-screenshot-1.png"&gt;&lt;img src="selenium-screenshot-1.png" width="800px"&gt;&lt;/a&gt;</msg>
<status status="PASS" starttime="20210618 15:28:32.998" endtime="20210618 15:28:39.010"/>
</kw>
<msg timestamp="20210618 15:28:39.019" level="FAIL">Element with locator 'xpath=//a[text()='Kumar22']' not found.</msg>
<status status="FAIL" starttime="20210618 15:28:32.956" endtime="20210618 15:28:39.019"/>
</kw>
<kw name="Sleep" library="BuiltIn">
<arg>2s</arg>
<doc>Pauses the test executed for the given time.</doc>
<status status="NOT RUN" starttime="20210618 15:28:39.020" endtime="20210618 15:28:39.021"/>
</kw>
<kw name="Click Element" library="SeleniumLibrary">
<arg>xpath=//a[text()='Kumar22']//parent::td/../td/input</arg>
<doc>Click the element identified by ``locator``.</doc>
<status status="NOT RUN" starttime="20210618 15:28:39.023" endtime="20210618 15:28:39.023"/>
</kw>
<kw name="Sleep" library="BuiltIn">
<arg>5s</arg>
<doc>Pauses the test executed for the given time.</doc>
<status status="NOT RUN" starttime="20210618 15:28:39.023" endtime="20210618 15:28:39.024"/>
</kw>
<status status="FAIL" starttime="20210618 15:28:32.953" endtime="20210618 15:28:39.028">Element with locator 'xpath=//a[text()='Kumar22']' not found.</status>
</test>
<test id="s1-s1-t5" name="Close Browser at end">
<kw name="Close Browser" library="SeleniumLibrary">
<doc>Closes the current browser.</doc>
<status status="PASS" starttime="20210618 15:28:39.032" endtime="20210618 15:28:44.133"/>
</kw>
<status status="PASS" starttime="20210618 15:28:39.030" endtime="20210618 15:28:44.135"/>
</test>
<doc>Suite description</doc>
<status status="FAIL" starttime="20210618 15:27:53.299" endtime="20210618 15:28:44.137"/>
</suite>
<status status="FAIL" starttime="20210618 15:27:53.080" endtime="20210618 15:28:44.144"/>
</suite>
<statistics>
<total>
<stat pass="4" fail="1" skip="0">All Tests</stat>
</total>
<tag>
<stat pass="1" fail="0" skip="0">Smoke</stat>
</tag>
<suite>
<stat pass="4" fail="1" skip="0" id="s1" name="Suites">Suites</stat>
<stat pass="4" fail="1" skip="0" id="s1-s1" name="OrangeHRM AddUser Verify User">Suites.OrangeHRM AddUser Verify User</stat>
</suite>
</statistics>
<errors>
</errors>
</robot>
