<?xml version="1.0" encoding="UTF-8"?>
<robot generator="Robot 4.1.3 (Python 3.8.2 on win32)" generated="20220712 14:36:04.397" rpa="false" schemaversion="2">
<suite id="s1" name="Depends On TestCase Execution" source="C:\Users\adixit\PycharmProjects\RobotFramework\OrangeHRM\Depends_On_TestCase_Execution.robot">
<test id="s1-t1" name="AddButton">
<kw name="Depends On Test" library="DependencyLibrary">
<arg>Login_To_OrangeHRM</arg>
<msg timestamp="20220712 14:36:05.106" level="FAIL">Dependency not met: test case 'Login_To_OrangeHRM' not found.</msg>
<status status="FAIL" starttime="20220712 14:36:05.103" endtime="20220712 14:36:05.106"/>
</kw>
<kw name="Mouse Over" library="SeleniumLibrary">
<arg>link=Admin</arg>
<doc>Simulates hovering the mouse over the element ``locator``.</doc>
<status status="NOT RUN" starttime="20220712 14:36:05.107" endtime="20220712 14:36:05.107"/>
</kw>
<kw name="Sleep" library="BuiltIn">
<arg>2s</arg>
<doc>Pauses the test executed for the given time.</doc>
<status status="NOT RUN" starttime="20220712 14:36:05.107" endtime="20220712 14:36:05.108"/>
</kw>
<kw name="Mouse Over" library="SeleniumLibrary">
<arg>link=User Management</arg>
<doc>Simulates hovering the mouse over the element ``locator``.</doc>
<status status="NOT RUN" starttime="20220712 14:36:05.108" endtime="20220712 14:36:05.108"/>
</kw>
<kw name="Click Link" library="SeleniumLibrary">
<arg>link=Users</arg>
<doc>Clicks a link identified by ``locator``.</doc>
<status status="NOT RUN" starttime="20220712 14:36:05.109" endtime="20220712 14:36:05.109"/>
</kw>
<kw name="Click Button" library="SeleniumLibrary">
<arg>name=btnAdd</arg>
<doc>Clicks the button identified by ``locator``.</doc>
<status status="NOT RUN" starttime="20220712 14:36:05.109" endtime="20220712 14:36:05.109"/>
</kw>
<status status="FAIL" starttime="20220712 14:36:05.100" endtime="20220712 14:36:05.110">Dependency not met: test case 'Login_To_OrangeHRM' not found.</status>
</test>
<doc>Suite description</doc>
<status status="FAIL" starttime="20220712 14:36:04.435" endtime="20220712 14:36:05.111"/>
</suite>
<statistics>
<total>
<stat pass="0" fail="1" skip="0">All Tests</stat>
</total>
<tag>
</tag>
<suite>
<stat pass="0" fail="1" skip="0" id="s1" name="Depends On TestCase Execution">Depends On TestCase Execution</stat>
</suite>
</statistics>
<errors>
</errors>
</robot>
