<?xml version="1.0" encoding="UTF-8"?>
<robot generator="Robot 4.1.3 (Python 3.8.2 on win32)" generated="20220712 13:37:25.339" rpa="false" schemaversion="2">
<suite id="s1" name="Suites">
<suite id="s1-s1" name="OrangeHRM Validate Texts Quick Launch" source="C:\Users\adixit\PycharmProjects\RobotFramework\OrangeHRM\OrangeHRM_Validate_Texts_Quick_Launch.robot">
<test id="s1-s1-t1" name="TS_001">
<kw name="Open Browser" library="SeleniumLibrary">
<arg>https://opensource-demo.orangehrmlive.com/</arg>
<arg>Chrome</arg>
<doc>Opens a new browser instance to the optional ``url``.</doc>
<msg timestamp="20220712 13:37:27.324" level="INFO">Opening browser 'Chrome' to base url 'https://opensource-demo.orangehrmlive.com/'.</msg>
<status status="PASS" starttime="20220712 13:37:27.322" endtime="20220712 13:37:37.781"/>
</kw>
<kw name="Wait Until Element Is Visible" library="SeleniumLibrary">
<arg>id:txtUsername</arg>
<arg>timeout=5</arg>
<doc>Waits until the element ``locator`` is visible.</doc>
<status status="PASS" starttime="20220712 13:37:37.782" endtime="20220712 13:37:37.898"/>
</kw>
<kw name="Input Text" library="SeleniumLibrary">
<arg>id:txtUsername</arg>
<arg>Admin</arg>
<doc>Types the given ``text`` into the text field identified by ``locator``.</doc>
<msg timestamp="20220712 13:37:37.900" level="INFO">Typing text 'Admin' into text field 'id:txtUsername'.</msg>
<status status="PASS" starttime="20220712 13:37:37.898" endtime="20220712 13:37:38.559"/>
</kw>
<kw name="Input Password" library="SeleniumLibrary">
<arg>id:txtPassword</arg>
<arg>admin123</arg>
<doc>Types the given password into the text field identified by ``locator``.</doc>
<msg timestamp="20220712 13:37:38.563" level="INFO">Typing password into text field 'id:txtPassword'.</msg>
<msg timestamp="20220712 13:37:38.742" level="INFO">Temporally setting log level to: NONE</msg>
<msg timestamp="20220712 13:37:39.315" level="INFO">Log level changed from NONE to INFO.</msg>
<status status="PASS" starttime="20220712 13:37:38.561" endtime="20220712 13:37:39.315"/>
</kw>
<kw name="Click Element" library="SeleniumLibrary">
<arg>id:btnLogin</arg>
<doc>Click the element identified by ``locator``.</doc>
<msg timestamp="20220712 13:37:39.317" level="INFO">Clicking element 'id:btnLogin'.</msg>
<status status="PASS" starttime="20220712 13:37:39.316" endtime="20220712 13:37:43.841"/>
</kw>
<kw name="Element Should Be Visible" library="SeleniumLibrary">
<arg>id:welcome</arg>
<arg>timeout=5</arg>
<doc>Verifies that the element identified by ``locator`` is visible.</doc>
<msg timestamp="20220712 13:37:43.887" level="INFO">Element 'id:welcome' is displayed.</msg>
<status status="PASS" starttime="20220712 13:37:43.842" endtime="20220712 13:37:43.887"/>
</kw>
<kw name="Get WebElements" library="SeleniumLibrary">
<var>@{elementList}</var>
<arg>css:div.quickLaunge</arg>
<doc>Returns a list of WebElement objects matching the ``locator``.</doc>
<msg timestamp="20220712 13:37:43.907" level="INFO">@{elementList} = [ &lt;selenium.webdriver.remote.webelement.WebElement (session="82db8e99a32f8961054a6095382ae0cb", element="29832b3d-b509-4b94-978b-9ad190b0f9bf")&gt; | &lt;selenium.webdriver.remote.webelement.WebElement (ses...</msg>
<status status="PASS" starttime="20220712 13:37:43.888" endtime="20220712 13:37:43.908"/>
</kw>
<kw name="Create List" library="BuiltIn">
<var>@{textList}</var>
<doc>Returns a list containing given items.</doc>
<msg timestamp="20220712 13:37:43.909" level="INFO">@{textList} = [ ]</msg>
<status status="PASS" starttime="20220712 13:37:43.908" endtime="20220712 13:37:43.909"/>
</kw>
<for flavor="IN">
<var>${element}</var>
<value>@{elementList}</value>
<iter>
<var name="${element}">&lt;selenium.webdriver.remote.webelement.WebElement (session="82db8e99a32f8961054a6095382ae0cb", element="29832b3d-b509-4b94-978b-9ad190b0f9bf")&gt;</var>
<kw name="Get Text" library="SeleniumLibrary">
<var>${text}</var>
<arg>${element}</arg>
<doc>Returns the text value of the element identified by ``locator``.</doc>
<msg timestamp="20220712 13:37:43.930" level="INFO">${text} = Assign Leave</msg>
<status status="PASS" starttime="20220712 13:37:43.910" endtime="20220712 13:37:43.930"/>
</kw>
<kw name="Append To List" library="Collections">
<arg>${textList}</arg>
<arg>${text}</arg>
<doc>Adds ``values`` to the end of ``list``.</doc>
<status status="PASS" starttime="20220712 13:37:43.930" endtime="20220712 13:37:43.931"/>
</kw>
<status status="PASS" starttime="20220712 13:37:43.909" endtime="20220712 13:37:43.931"/>
</iter>
<iter>
<var name="${element}">&lt;selenium.webdriver.remote.webelement.WebElement (session="82db8e99a32f8961054a6095382ae0cb", element="43b309cd-365a-444e-906e-aba43f42804b")&gt;</var>
<kw name="Get Text" library="SeleniumLibrary">
<var>${text}</var>
<arg>${element}</arg>
<doc>Returns the text value of the element identified by ``locator``.</doc>
<msg timestamp="20220712 13:37:43.954" level="INFO">${text} = Leave List</msg>
<status status="PASS" starttime="20220712 13:37:43.932" endtime="20220712 13:37:43.954"/>
</kw>
<kw name="Append To List" library="Collections">
<arg>${textList}</arg>
<arg>${text}</arg>
<doc>Adds ``values`` to the end of ``list``.</doc>
<status status="PASS" starttime="20220712 13:37:43.955" endtime="20220712 13:37:43.956"/>
</kw>
<status status="PASS" starttime="20220712 13:37:43.932" endtime="20220712 13:37:43.956"/>
</iter>
<iter>
<var name="${element}">&lt;selenium.webdriver.remote.webelement.WebElement (session="82db8e99a32f8961054a6095382ae0cb", element="46cec1c2-861b-464e-850d-6bc47850c65a")&gt;</var>
<kw name="Get Text" library="SeleniumLibrary">
<var>${text}</var>
<arg>${element}</arg>
<doc>Returns the text value of the element identified by ``locator``.</doc>
<msg timestamp="20220712 13:37:43.987" level="INFO">${text} = Timesheets</msg>
<status status="PASS" starttime="20220712 13:37:43.957" endtime="20220712 13:37:43.987"/>
</kw>
<kw name="Append To List" library="Collections">
<arg>${textList}</arg>
<arg>${text}</arg>
<doc>Adds ``values`` to the end of ``list``.</doc>
<status status="PASS" starttime="20220712 13:37:43.988" endtime="20220712 13:37:43.990"/>
</kw>
<status status="PASS" starttime="20220712 13:37:43.956" endtime="20220712 13:37:43.990"/>
</iter>
<iter>
<var name="${element}">&lt;selenium.webdriver.remote.webelement.WebElement (session="82db8e99a32f8961054a6095382ae0cb", element="3434b528-f1fe-4a73-9262-88e108023f14")&gt;</var>
<kw name="Get Text" library="SeleniumLibrary">
<var>${text}</var>
<arg>${element}</arg>
<doc>Returns the text value of the element identified by ``locator``.</doc>
<msg timestamp="20220712 13:37:44.016" level="INFO">${text} = Apply Leave</msg>
<status status="PASS" starttime="20220712 13:37:43.991" endtime="20220712 13:37:44.016"/>
</kw>
<kw name="Append To List" library="Collections">
<arg>${textList}</arg>
<arg>${text}</arg>
<doc>Adds ``values`` to the end of ``list``.</doc>
<status status="PASS" starttime="20220712 13:37:44.016" endtime="20220712 13:37:44.017"/>
</kw>
<status status="PASS" starttime="20220712 13:37:43.990" endtime="20220712 13:37:44.017"/>
</iter>
<iter>
<var name="${element}">&lt;selenium.webdriver.remote.webelement.WebElement (session="82db8e99a32f8961054a6095382ae0cb", element="e7be00de-c2b2-4d6d-be94-87328f0e96b3")&gt;</var>
<kw name="Get Text" library="SeleniumLibrary">
<var>${text}</var>
<arg>${element}</arg>
<doc>Returns the text value of the element identified by ``locator``.</doc>
<msg timestamp="20220712 13:37:44.049" level="INFO">${text} = My Leave</msg>
<status status="PASS" starttime="20220712 13:37:44.018" endtime="20220712 13:37:44.049"/>
</kw>
<kw name="Append To List" library="Collections">
<arg>${textList}</arg>
<arg>${text}</arg>
<doc>Adds ``values`` to the end of ``list``.</doc>
<status status="PASS" starttime="20220712 13:37:44.049" endtime="20220712 13:37:44.050"/>
</kw>
<status status="PASS" starttime="20220712 13:37:44.017" endtime="20220712 13:37:44.051"/>
</iter>
<iter>
<var name="${element}">&lt;selenium.webdriver.remote.webelement.WebElement (session="82db8e99a32f8961054a6095382ae0cb", element="30644eed-d290-4362-b322-9f42e8e70b0f")&gt;</var>
<kw name="Get Text" library="SeleniumLibrary">
<var>${text}</var>
<arg>${element}</arg>
<doc>Returns the text value of the element identified by ``locator``.</doc>
<msg timestamp="20220712 13:37:44.101" level="INFO">${text} = My Timesheet</msg>
<status status="PASS" starttime="20220712 13:37:44.052" endtime="20220712 13:37:44.101"/>
</kw>
<kw name="Append To List" library="Collections">
<arg>${textList}</arg>
<arg>${text}</arg>
<doc>Adds ``values`` to the end of ``list``.</doc>
<status status="PASS" starttime="20220712 13:37:44.102" endtime="20220712 13:37:44.103"/>
</kw>
<status status="PASS" starttime="20220712 13:37:44.051" endtime="20220712 13:37:44.104"/>
</iter>
<status status="PASS" starttime="20220712 13:37:43.909" endtime="20220712 13:37:44.104"/>
</for>
<kw name="Log To Console" library="BuiltIn">
<arg>\n List from WebPage:</arg>
<doc>Logs the given message to the console.</doc>
<status status="PASS" starttime="20220712 13:37:44.105" endtime="20220712 13:37:44.106"/>
</kw>
<kw name="Log To Console" library="BuiltIn">
<arg>${textList}</arg>
<doc>Logs the given message to the console.</doc>
<status status="PASS" starttime="20220712 13:37:44.107" endtime="20220712 13:37:44.110"/>
</kw>
<kw name="Log To Console" library="BuiltIn">
<arg>Expected List:</arg>
<doc>Logs the given message to the console.</doc>
<status status="PASS" starttime="20220712 13:37:44.110" endtime="20220712 13:37:44.113"/>
</kw>
<kw name="Log To Console" library="BuiltIn">
<arg>${quickLaunchList}</arg>
<doc>Logs the given message to the console.</doc>
<status status="PASS" starttime="20220712 13:37:44.113" endtime="20220712 13:37:44.115"/>
</kw>
<kw name="Lists Should Be Equal" library="Collections">
<arg>${textList}</arg>
<arg>${quickLaunchList}</arg>
<doc>Fails if given lists are unequal.</doc>
<status status="PASS" starttime="20220712 13:37:44.116" endtime="20220712 13:37:44.117"/>
</kw>
<kw name="Close Browser" library="SeleniumLibrary">
<doc>Closes the current browser.</doc>
<status status="PASS" starttime="20220712 13:37:44.118" endtime="20220712 13:37:46.558"/>
</kw>
<doc>This test case verifies that the quick launch texts from the webpage matches our Text list.</doc>
<status status="PASS" starttime="20220712 13:37:27.315" endtime="20220712 13:37:46.559"/>
</test>
<doc>Looping in Robot Framework</doc>
<status status="PASS" starttime="20220712 13:37:25.470" endtime="20220712 13:37:46.563"/>
</suite>
<status status="PASS" starttime="20220712 13:37:25.376" endtime="20220712 13:37:46.570"/>
</suite>
<statistics>
<total>
<stat pass="1" fail="0" skip="0">All Tests</stat>
</total>
<tag>
</tag>
<suite>
<stat pass="1" fail="0" skip="0" id="s1" name="Suites">Suites</stat>
<stat pass="1" fail="0" skip="0" id="s1-s1" name="OrangeHRM Validate Texts Quick Launch">Suites.OrangeHRM Validate Texts Quick Launch</stat>
</suite>
</statistics>
<errors>
</errors>
</robot>
