<?xml version="1.0" encoding="UTF-8"?>
<robot generator="Robot 4.1.3 (Python 3.8.2 on win32)" generated="20220712 14:18:38.685" rpa="false" schemaversion="2">
<suite id="s1" name="WebOrder Add Order DeleteOrder" source="C:\Users\adixit\PycharmProjects\RobotFramework\OrangeHRM\WebOrder_Add_Order_DeleteOrder.robot">
<test id="s1-t1" name="Delete the user and Verify that user got deleted from WebTable">
<kw name="Click Element" library="SeleniumLibrary">
<arg>xpath=//td[normalize-space()='Dixit']//preceding-sibling::td/input</arg>
<doc>Click the element identified by ``locator``.</doc>
<msg timestamp="20220712 14:18:40.825" level="INFO">Clicking element 'xpath=//td[normalize-space()='Dixit']//preceding-sibling::td/input'.</msg>
<kw name="Capture Page Screenshot" library="SeleniumLibrary">
<doc>Takes a screenshot of the current page and embeds it into a log file.</doc>
<msg timestamp="20220712 14:18:40.829" level="INFO">Cannot capture screenshot because no browser is open.</msg>
<status status="PASS" starttime="20220712 14:18:40.827" endtime="20220712 14:18:40.831"/>
</kw>
<msg timestamp="20220712 14:18:40.845" level="FAIL">No browser is open.</msg>
<status status="FAIL" starttime="20220712 14:18:40.818" endtime="20220712 14:18:40.846"/>
</kw>
<kw name="Click Element" library="SeleniumLibrary">
<arg>id=ctl00_MainContent_btnDelete</arg>
<doc>Click the element identified by ``locator``.</doc>
<status status="NOT RUN" starttime="20220712 14:18:40.847" endtime="20220712 14:18:40.848"/>
</kw>
<kw name="Sleep" library="BuiltIn">
<arg>2s</arg>
<doc>Pauses the test executed for the given time.</doc>
<status status="NOT RUN" starttime="20220712 14:18:40.849" endtime="20220712 14:18:40.853"/>
</kw>
<kw name="Page Should Not Contain Element" library="SeleniumLibrary">
<arg>Dixit</arg>
<doc>Verifies that element ``locator`` is not found on the current page.</doc>
<status status="NOT RUN" starttime="20220712 14:18:40.854" endtime="20220712 14:18:40.855"/>
</kw>
<status status="FAIL" starttime="20220712 14:18:40.808" endtime="20220712 14:18:40.865">No browser is open.</status>
</test>
<doc>Suite description</doc>
<status status="FAIL" starttime="20220712 14:18:38.738" endtime="20220712 14:18:40.874"/>
</suite>
<statistics>
<total>
<stat pass="0" fail="1" skip="0">All Tests</stat>
</total>
<tag>
</tag>
<suite>
<stat pass="0" fail="1" skip="0" id="s1" name="WebOrder Add Order DeleteOrder">WebOrder Add Order DeleteOrder</stat>
</suite>
</statistics>
<errors>
</errors>
</robot>
