<?xml version="1.0" encoding="UTF-8"?>
<robot generator="Robot 4.1.3 (Python 3.8.2 on win32)" generated="20220712 13:37:44.026" rpa="false" schemaversion="2">
<suite id="s1" name="Suites">
<suite id="s1-s1" name="OrangeHRM Verify Deleted User" source="C:\Users\adixit\PycharmProjects\RobotFramework\OrangeHRM\OrangeHRM_Verify_Deleted_User.robot">
<test id="s1-s1-t1" name="Launch OrangeHRM and login to application">
<kw name="Open Browser" library="SeleniumLibrary">
<arg>https://opensource-demo.orangehrmlive.com/</arg>
<arg>chrome</arg>
<doc>Opens a new browser instance to the optional ``url``.</doc>
<msg timestamp="20220712 13:37:44.817" level="INFO">Opening browser 'chrome' to base url 'https://opensource-demo.orangehrmlive.com/'.</msg>
<status status="PASS" starttime="20220712 13:37:44.816" endtime="20220712 13:37:51.890"/>
</kw>
<kw name="Maximize Browser Window" library="SeleniumLibrary">
<doc>Maximizes current browser window.</doc>
<status status="PASS" starttime="20220712 13:37:51.891" endtime="20220712 13:37:52.224"/>
</kw>
<kw name="Input Text" library="SeleniumLibrary">
<arg>xpath=//input[@id='txtUsername']</arg>
<arg>Admin</arg>
<doc>Types the given ``text`` into the text field identified by ``locator``.</doc>
<msg timestamp="20220712 13:37:52.227" level="INFO">Typing text 'Admin' into text field 'xpath=//input[@id='txtUsername']'.</msg>
<status status="PASS" starttime="20220712 13:37:52.225" endtime="20220712 13:37:52.562"/>
</kw>
<kw name="Input Text" library="SeleniumLibrary">
<arg>name=txtPassword</arg>
<arg>admin123</arg>
<doc>Types the given ``text`` into the text field identified by ``locator``.</doc>
<msg timestamp="20220712 13:37:52.564" level="INFO">Typing text 'admin123' into text field 'name=txtPassword'.</msg>
<status status="PASS" starttime="20220712 13:37:52.563" endtime="20220712 13:37:52.904"/>
</kw>
<kw name="Click Button" library="SeleniumLibrary">
<arg>css=input[id='btnLogin']</arg>
<doc>Clicks the button identified by ``locator``.</doc>
<msg timestamp="20220712 13:37:52.906" level="INFO">Clicking button 'css=input[id='btnLogin']'.</msg>
<status status="PASS" starttime="20220712 13:37:52.904" endtime="20220712 13:37:58.531"/>
</kw>
<kw name="Page Should Contain Link" library="SeleniumLibrary">
<arg>Dashboard</arg>
<doc>Verifies link identified by ``locator`` is found from current page.</doc>
<msg timestamp="20220712 13:37:58.709" level="INFO">Current page contains link 'Dashboard'.</msg>
<status status="PASS" starttime="20220712 13:37:58.532" endtime="20220712 13:37:58.710"/>
</kw>
<tag>Regression</tag>
<status status="PASS" starttime="20220712 13:37:44.815" endtime="20220712 13:37:58.711"/>
</test>
<test id="s1-s1-t2" name="Click on Admin-&gt;UserManagement-&gt;Users and Click on Add button">
<kw name="Mouse Over" library="SeleniumLibrary">
<arg>link=Admin</arg>
<doc>Simulates hovering the mouse over the element ``locator``.</doc>
<msg timestamp="20220712 13:37:58.717" level="INFO">Simulating Mouse Over on element 'link=Admin'.</msg>
<status status="PASS" starttime="20220712 13:37:58.716" endtime="20220712 13:37:59.389"/>
</kw>
<kw name="Sleep" library="BuiltIn">
<arg>2s</arg>
<doc>Pauses the test executed for the given time.</doc>
<msg timestamp="20220712 13:38:01.438" level="INFO">Slept 2 seconds</msg>
<status status="PASS" starttime="20220712 13:37:59.391" endtime="20220712 13:38:01.439"/>
</kw>
<kw name="Mouse Over" library="SeleniumLibrary">
<arg>link=User Management</arg>
<doc>Simulates hovering the mouse over the element ``locator``.</doc>
<msg timestamp="20220712 13:38:01.444" level="INFO">Simulating Mouse Over on element 'link=User Management'.</msg>
<status status="PASS" starttime="20220712 13:38:01.440" endtime="20220712 13:38:02.577"/>
</kw>
<kw name="Click Link" library="SeleniumLibrary">
<arg>link=Users</arg>
<doc>Clicks a link identified by ``locator``.</doc>
<msg timestamp="20220712 13:38:02.579" level="INFO">Clicking link 'link=Users'.</msg>
<status status="PASS" starttime="20220712 13:38:02.577" endtime="20220712 13:38:04.256"/>
</kw>
<kw name="Click Button" library="SeleniumLibrary">
<arg>name=btnAdd</arg>
<doc>Clicks the button identified by ``locator``.</doc>
<msg timestamp="20220712 13:38:04.259" level="INFO">Clicking button 'name=btnAdd'.</msg>
<status status="PASS" starttime="20220712 13:38:04.257" endtime="20220712 13:38:05.929"/>
</kw>
<status status="PASS" starttime="20220712 13:37:58.713" endtime="20220712 13:38:05.930"/>
</test>
<test id="s1-s1-t3" name="Add Users Details and Click on Save button">
<kw name="Select From List By Label" library="SeleniumLibrary">
<arg>id=systemUser_userType</arg>
<arg>Admin</arg>
<doc>Selects options from selection list ``locator`` by ``labels``.</doc>
<msg timestamp="20220712 13:38:05.938" level="INFO">Selecting options from selection list 'id=systemUser_userType' by label Admin.</msg>
<status status="PASS" starttime="20220712 13:38:05.936" endtime="20220712 13:38:06.961"/>
</kw>
<kw name="Input Text" library="SeleniumLibrary">
<arg>id=systemUser_employeeName_empName</arg>
<arg>Fiona Grace</arg>
<doc>Types the given ``text`` into the text field identified by ``locator``.</doc>
<msg timestamp="20220712 13:38:06.963" level="INFO">Typing text 'Fiona Grace' into text field 'id=systemUser_employeeName_empName'.</msg>
<status status="PASS" starttime="20220712 13:38:06.962" endtime="20220712 13:38:08.802"/>
</kw>
<kw name="Input Text" library="SeleniumLibrary">
<arg>id=systemUser_userName</arg>
<arg>Kumar55</arg>
<doc>Types the given ``text`` into the text field identified by ``locator``.</doc>
<msg timestamp="20220712 13:38:08.806" level="INFO">Typing text 'Kumar55' into text field 'id=systemUser_userName'.</msg>
<status status="PASS" starttime="20220712 13:38:08.803" endtime="20220712 13:38:09.370"/>
</kw>
<kw name="Select From List By Value" library="SeleniumLibrary">
<arg>id=systemUser_status</arg>
<arg>1</arg>
<doc>Selects options from selection list ``locator`` by ``values``.</doc>
<msg timestamp="20220712 13:38:09.373" level="INFO">Selecting options from selection list 'id=systemUser_status' by value 1.</msg>
<status status="PASS" starttime="20220712 13:38:09.371" endtime="20220712 13:38:09.668"/>
</kw>
<kw name="Input Text" library="SeleniumLibrary">
<arg>id=systemUser_password</arg>
<arg>admin123</arg>
<doc>Types the given ``text`` into the text field identified by ``locator``.</doc>
<msg timestamp="20220712 13:38:09.670" level="INFO">Typing text 'admin123' into text field 'id=systemUser_password'.</msg>
<status status="PASS" starttime="20220712 13:38:09.669" endtime="20220712 13:38:10.210"/>
</kw>
<kw name="Input Text" library="SeleniumLibrary">
<arg>id=systemUser_confirmPassword</arg>
<arg>admin123</arg>
<doc>Types the given ``text`` into the text field identified by ``locator``.</doc>
<msg timestamp="20220712 13:38:10.213" level="INFO">Typing text 'admin123' into text field 'id=systemUser_confirmPassword'.</msg>
<status status="PASS" starttime="20220712 13:38:10.211" endtime="20220712 13:38:11.374"/>
</kw>
<kw name="Click Button" library="SeleniumLibrary">
<arg>id=btnSave</arg>
<doc>Clicks the button identified by ``locator``.</doc>
<msg timestamp="20220712 13:38:11.376" level="INFO">Clicking button 'id=btnSave'.</msg>
<status status="PASS" starttime="20220712 13:38:11.374" endtime="20220712 13:38:13.358"/>
</kw>
<kw name="Sleep" library="BuiltIn">
<arg>2s</arg>
<doc>Pauses the test executed for the given time.</doc>
<msg timestamp="20220712 13:38:15.373" level="INFO">Slept 2 seconds</msg>
<status status="PASS" starttime="20220712 13:38:13.359" endtime="20220712 13:38:15.373"/>
</kw>
<status status="PASS" starttime="20220712 13:38:05.934" endtime="20220712 13:38:15.375"/>
</test>
<test id="s1-s1-t4" name="Verify that User added to WebTable">
<kw name="Element Text Should Be" library="SeleniumLibrary">
<arg>xpath=//a[text()='Kumar55']</arg>
<arg>Kumar55</arg>
<doc>Verifies that element ``locator`` contains exact the text ``expected``.</doc>
<msg timestamp="20220712 13:38:15.382" level="INFO">Verifying element 'xpath=//a[text()='Kumar55']' contains exact text 'Kumar55'.</msg>
<status status="PASS" starttime="20220712 13:38:15.380" endtime="20220712 13:38:15.550"/>
</kw>
<kw name="Sleep" library="BuiltIn">
<arg>2s</arg>
<doc>Pauses the test executed for the given time.</doc>
<msg timestamp="20220712 13:38:17.569" level="INFO">Slept 2 seconds</msg>
<status status="PASS" starttime="20220712 13:38:15.550" endtime="20220712 13:38:17.571"/>
</kw>
<kw name="Click Element" library="SeleniumLibrary">
<arg>xpath=//a[text()='Kumar55']//parent::td/../td/input</arg>
<doc>Click the element identified by ``locator``.</doc>
<msg timestamp="20220712 13:38:17.573" level="INFO">Clicking element 'xpath=//a[text()='Kumar55']//parent::td/../td/input'.</msg>
<status status="PASS" starttime="20220712 13:38:17.572" endtime="20220712 13:38:17.684"/>
</kw>
<kw name="Sleep" library="BuiltIn">
<arg>5s</arg>
<doc>Pauses the test executed for the given time.</doc>
<msg timestamp="20220712 13:38:22.691" level="INFO">Slept 5 seconds</msg>
<status status="PASS" starttime="20220712 13:38:17.686" endtime="20220712 13:38:22.691"/>
</kw>
<status status="PASS" starttime="20220712 13:38:15.378" endtime="20220712 13:38:22.692"/>
</test>
<test id="s1-s1-t5" name="Delete the User from List and Verify that Deleter user not preset in webtable">
<kw name="Click Button" library="SeleniumLibrary">
<arg>id=btnDelete</arg>
<doc>Clicks the button identified by ``locator``.</doc>
<msg timestamp="20220712 13:38:22.695" level="INFO">Clicking button 'id=btnDelete'.</msg>
<status status="PASS" starttime="20220712 13:38:22.694" endtime="20220712 13:38:22.789"/>
</kw>
<kw name="Sleep" library="BuiltIn">
<arg>2s</arg>
<doc>Pauses the test executed for the given time.</doc>
<msg timestamp="20220712 13:38:24.794" level="INFO">Slept 2 seconds</msg>
<status status="PASS" starttime="20220712 13:38:22.789" endtime="20220712 13:38:24.794"/>
</kw>
<kw name="Click Button" library="SeleniumLibrary">
<arg>id=dialogDeleteBtn</arg>
<doc>Clicks the button identified by ``locator``.</doc>
<msg timestamp="20220712 13:38:24.797" level="INFO">Clicking button 'id=dialogDeleteBtn'.</msg>
<status status="PASS" starttime="20220712 13:38:24.795" endtime="20220712 13:38:26.098"/>
</kw>
<kw name="Sleep" library="BuiltIn">
<arg>2s</arg>
<doc>Pauses the test executed for the given time.</doc>
<msg timestamp="20220712 13:38:28.115" level="INFO">Slept 2 seconds</msg>
<status status="PASS" starttime="20220712 13:38:26.099" endtime="20220712 13:38:28.115"/>
</kw>
<kw name="Page Should Not Contain Element" library="SeleniumLibrary">
<arg>Kumar55</arg>
<doc>Verifies that element ``locator`` is not found on the current page.</doc>
<msg timestamp="20220712 13:38:28.137" level="INFO">Current page does not contain element 'Kumar55'.</msg>
<status status="PASS" starttime="20220712 13:38:28.116" endtime="20220712 13:38:28.138"/>
</kw>
<status status="PASS" starttime="20220712 13:38:22.693" endtime="20220712 13:38:28.139"/>
</test>
<test id="s1-s1-t6" name="Close Browser at end">
<kw name="Close Browser" library="SeleniumLibrary">
<doc>Closes the current browser.</doc>
<status status="PASS" starttime="20220712 13:38:28.142" endtime="20220712 13:38:30.721"/>
</kw>
<status status="PASS" starttime="20220712 13:38:28.141" endtime="20220712 13:38:30.722"/>
</test>
<doc>Suite description</doc>
<status status="PASS" starttime="20220712 13:37:44.166" endtime="20220712 13:38:30.726"/>
</suite>
<status status="PASS" starttime="20220712 13:37:44.069" endtime="20220712 13:38:30.735"/>
</suite>
<statistics>
<total>
<stat pass="6" fail="0" skip="0">All Tests</stat>
</total>
<tag>
<stat pass="1" fail="0" skip="0">Regression</stat>
</tag>
<suite>
<stat pass="6" fail="0" skip="0" id="s1" name="Suites">Suites</stat>
<stat pass="6" fail="0" skip="0" id="s1-s1" name="OrangeHRM Verify Deleted User">Suites.OrangeHRM Verify Deleted User</stat>
</suite>
</statistics>
<errors>
</errors>
</robot>
