<?xml version="1.0" encoding="UTF-8"?>
<robot generator="Robot 4.1.3 (Python 3.8.2 on win32)" generated="20220712 14:18:44.023" rpa="false" schemaversion="2">
<suite id="s1" name="WebOrder Add Order DeleteOrder" source="C:\Users\adixit\PycharmProjects\RobotFramework\OrangeHRM\WebOrder_Add_Order_DeleteOrder.robot">
<test id="s1-t1" name="Close Browser at end">
<kw name="Close Browser" library="SeleniumLibrary">
<doc>Closes the current browser.</doc>
<status status="PASS" starttime="20220712 14:18:45.470" endtime="20220712 14:18:45.472"/>
</kw>
<status status="PASS" starttime="20220712 14:18:45.467" endtime="20220712 14:18:45.473"/>
</test>
<doc>Suite description</doc>
<status status="PASS" starttime="20220712 14:18:44.070" endtime="20220712 14:18:45.476"/>
</suite>
<statistics>
<total>
<stat pass="1" fail="0" skip="0">All Tests</stat>
</total>
<tag>
</tag>
<suite>
<stat pass="1" fail="0" skip="0" id="s1" name="WebOrder Add Order DeleteOrder">WebOrder Add Order DeleteOrder</stat>
</suite>
</statistics>
<errors>
</errors>
</robot>
