<?xml version="1.0" encoding="UTF-8"?>
<robot generator="Robot 4.1.3 (Python 3.8.2 on win32)" generated="20220712 14:18:38.477" rpa="false" schemaversion="2">
<suite id="s1" name="WebOrder Add Order DeleteOrder" source="C:\Users\adixit\PycharmProjects\RobotFramework\OrangeHRM\WebOrder_Add_Order_DeleteOrder.robot">
<test id="s1-t1" name="Edit the State field and Verify that its Updated">
<kw name="Input Text" library="SeleniumLibrary">
<arg>id=ctl00_MainContent_fmwOrder_TextBox3</arg>
<arg>Delhi</arg>
<doc>Types the given ``text`` into the text field identified by ``locator``.</doc>
<msg timestamp="20220712 14:18:40.712" level="INFO">Typing text 'Delhi' into text field 'id=ctl00_MainContent_fmwOrder_TextBox3'.</msg>
<kw name="Capture Page Screenshot" library="SeleniumLibrary">
<doc>Takes a screenshot of the current page and embeds it into a log file.</doc>
<msg timestamp="20220712 14:18:40.714" level="INFO">Cannot capture screenshot because no browser is open.</msg>
<status status="PASS" starttime="20220712 14:18:40.713" endtime="20220712 14:18:40.714"/>
</kw>
<msg timestamp="20220712 14:18:40.727" level="FAIL">No browser is open.</msg>
<status status="FAIL" starttime="20220712 14:18:40.709" endtime="20220712 14:18:40.727"/>
</kw>
<kw name="Click Element" library="SeleniumLibrary">
<arg>id=ctl00_MainContent_fmwOrder_UpdateButton</arg>
<doc>Click the element identified by ``locator``.</doc>
<status status="NOT RUN" starttime="20220712 14:18:40.728" endtime="20220712 14:18:40.729"/>
</kw>
<kw name="Sleep" library="BuiltIn">
<arg>2s</arg>
<doc>Pauses the test executed for the given time.</doc>
<status status="NOT RUN" starttime="20220712 14:18:40.730" endtime="20220712 14:18:40.732"/>
</kw>
<kw name="Page Should Contain Element" library="SeleniumLibrary">
<arg>xpath=//td[normalize-space()='Dixit']//following-sibling::td[normalize-space()='Delhi']</arg>
<doc>Verifies that element ``locator`` is found on the current page.</doc>
<status status="NOT RUN" starttime="20220712 14:18:40.735" endtime="20220712 14:18:40.737"/>
</kw>
<status status="FAIL" starttime="20220712 14:18:40.706" endtime="20220712 14:18:40.738">No browser is open.</status>
</test>
<doc>Suite description</doc>
<status status="FAIL" starttime="20220712 14:18:38.547" endtime="20220712 14:18:40.740"/>
</suite>
<statistics>
<total>
<stat pass="0" fail="1" skip="0">All Tests</stat>
</total>
<tag>
</tag>
<suite>
<stat pass="0" fail="1" skip="0" id="s1" name="WebOrder Add Order DeleteOrder">WebOrder Add Order DeleteOrder</stat>
</suite>
</statistics>
<errors>
</errors>
</robot>
