<?xml version="1.0" encoding="UTF-8"?>
<robot generator="Robot 4.1.3 (Python 3.8.2 on win32)" generated="20220712 14:36:04.401" rpa="false" schemaversion="2">
<suite id="s1" name="Depends On TestCase Execution" source="C:\Users\adixit\PycharmProjects\RobotFramework\OrangeHRM\Depends_On_TestCase_Execution.robot">
<test id="s1-t1" name="AddUser">
<kw name="Depends On Test" library="DependencyLibrary">
<arg>AddButton</arg>
<msg timestamp="20220712 14:36:05.118" level="FAIL">Dependency not met: test case 'AddButton' not found.</msg>
<status status="FAIL" starttime="20220712 14:36:05.116" endtime="20220712 14:36:05.119"/>
</kw>
<kw name="Generate Random String" library="String">
<var>${random_num}</var>
<doc>Generates a string with a desired ``length`` from the given ``chars``.</doc>
<status status="NOT RUN" starttime="20220712 14:36:05.119" endtime="20220712 14:36:05.120"/>
</kw>
<kw name="Catenate" library="BuiltIn">
<var>${empname}</var>
<arg>SEPARATOR=</arg>
<arg>Abhi</arg>
<arg>${random_num}</arg>
<doc>Catenates the given items together and returns the resulted string.</doc>
<status status="NOT RUN" starttime="20220712 14:36:05.120" endtime="20220712 14:36:05.122"/>
</kw>
<kw name="Log To Console" library="BuiltIn">
<arg>${empname}</arg>
<doc>Logs the given message to the console.</doc>
<status status="NOT RUN" starttime="20220712 14:36:05.122" endtime="20220712 14:36:05.123"/>
</kw>
<kw name="Set Global Variable" library="BuiltIn">
<arg>${empname}</arg>
<doc>Makes a variable available globally in all tests and suites.</doc>
<status status="NOT RUN" starttime="20220712 14:36:05.123" endtime="20220712 14:36:05.124"/>
</kw>
<kw name="Select From List By Label" library="SeleniumLibrary">
<arg>id=systemUser_userType</arg>
<arg>Admin</arg>
<doc>Selects options from selection list ``locator`` by ``labels``.</doc>
<status status="NOT RUN" starttime="20220712 14:36:05.124" endtime="20220712 14:36:05.124"/>
</kw>
<kw name="Input Text" library="SeleniumLibrary">
<arg>id=systemUser_employeeName_empName</arg>
<arg>Fiona Grace</arg>
<doc>Types the given ``text`` into the text field identified by ``locator``.</doc>
<status status="NOT RUN" starttime="20220712 14:36:05.124" endtime="20220712 14:36:05.124"/>
</kw>
<kw name="Input Text" library="SeleniumLibrary">
<arg>id=systemUser_userName</arg>
<arg>${empname}</arg>
<doc>Types the given ``text`` into the text field identified by ``locator``.</doc>
<status status="NOT RUN" starttime="20220712 14:36:05.124" endtime="20220712 14:36:05.124"/>
</kw>
<kw name="Select From List By Value" library="SeleniumLibrary">
<arg>id=systemUser_status</arg>
<arg>1</arg>
<doc>Selects options from selection list ``locator`` by ``values``.</doc>
<status status="NOT RUN" starttime="20220712 14:36:05.126" endtime="20220712 14:36:05.126"/>
</kw>
<kw name="Input Text" library="SeleniumLibrary">
<arg>id=systemUser_password</arg>
<arg>admin123</arg>
<doc>Types the given ``text`` into the text field identified by ``locator``.</doc>
<status status="NOT RUN" starttime="20220712 14:36:05.126" endtime="20220712 14:36:05.126"/>
</kw>
<kw name="Input Text" library="SeleniumLibrary">
<arg>id=systemUser_confirmPassword</arg>
<arg>admin123</arg>
<doc>Types the given ``text`` into the text field identified by ``locator``.</doc>
<status status="NOT RUN" starttime="20220712 14:36:05.126" endtime="20220712 14:36:05.126"/>
</kw>
<kw name="Click Button" library="SeleniumLibrary">
<arg>id=btnSave</arg>
<doc>Clicks the button identified by ``locator``.</doc>
<status status="NOT RUN" starttime="20220712 14:36:05.126" endtime="20220712 14:36:05.127"/>
</kw>
<kw name="Sleep" library="BuiltIn">
<arg>5s</arg>
<doc>Pauses the test executed for the given time.</doc>
<status status="NOT RUN" starttime="20220712 14:36:05.127" endtime="20220712 14:36:05.127"/>
</kw>
<status status="FAIL" starttime="20220712 14:36:05.114" endtime="20220712 14:36:05.129">Dependency not met: test case 'AddButton' not found.</status>
</test>
<doc>Suite description</doc>
<status status="FAIL" starttime="20220712 14:36:04.441" endtime="20220712 14:36:05.131"/>
</suite>
<statistics>
<total>
<stat pass="0" fail="1" skip="0">All Tests</stat>
</total>
<tag>
</tag>
<suite>
<stat pass="0" fail="1" skip="0" id="s1" name="Depends On TestCase Execution">Depends On TestCase Execution</stat>
</suite>
</statistics>
<errors>
</errors>
</robot>
