<?xml version="1.0" encoding="UTF-8"?>
<robot generator="Robot 4.1.3 (Python 3.8.2 on win32)" generated="20220712 14:36:04.366" rpa="false" schemaversion="2">
<suite id="s1" name="Depends On TestCase Execution" source="C:\Users\adixit\PycharmProjects\RobotFramework\OrangeHRM\Depends_On_TestCase_Execution.robot">
<test id="s1-t1" name="Login_To_OrangeHRM">
<kw name="Open Browser" library="SeleniumLibrary">
<arg>https://opensource-demo.orangehrmlive.com/</arg>
<arg>chrome</arg>
<doc>Opens a new browser instance to the optional ``url``.</doc>
<msg timestamp="20220712 14:36:05.097" level="INFO">Opening browser 'chrome' to base url 'https://opensource-demo.orangehrmlive.com/'.</msg>
<status status="PASS" starttime="20220712 14:36:05.095" endtime="20220712 14:36:11.360"/>
</kw>
<kw name="Maximize Browser Window" library="SeleniumLibrary">
<doc>Maximizes current browser window.</doc>
<status status="PASS" starttime="20220712 14:36:11.361" endtime="20220712 14:36:11.544"/>
</kw>
<kw name="Input Text" library="SeleniumLibrary">
<arg>xpath=//input[@id='txtUsername']</arg>
<arg>Admin</arg>
<doc>Types the given ``text`` into the text field identified by ``locator``.</doc>
<msg timestamp="20220712 14:36:11.547" level="INFO">Typing text 'Admin' into text field 'xpath=//input[@id='txtUsername']'.</msg>
<status status="PASS" starttime="20220712 14:36:11.545" endtime="20220712 14:36:11.964"/>
</kw>
<kw name="Input Text" library="SeleniumLibrary">
<arg>name=txtPassword</arg>
<arg>admin123</arg>
<doc>Types the given ``text`` into the text field identified by ``locator``.</doc>
<msg timestamp="20220712 14:36:11.965" level="INFO">Typing text 'admin123' into text field 'name=txtPassword'.</msg>
<status status="PASS" starttime="20220712 14:36:11.964" endtime="20220712 14:36:12.323"/>
</kw>
<kw name="Click Button" library="SeleniumLibrary">
<arg>css=input[id='btnLogin']</arg>
<doc>Clicks the button identified by ``locator``.</doc>
<msg timestamp="20220712 14:36:12.326" level="INFO">Clicking button 'css=input[id='btnLogin']'.</msg>
<status status="PASS" starttime="20220712 14:36:12.324" endtime="20220712 14:36:16.494"/>
</kw>
<kw name="Page Should Contain Link" library="SeleniumLibrary">
<arg>Dashboard</arg>
<arg>timeout=5</arg>
<doc>Verifies link identified by ``locator`` is found from current page.</doc>
<msg timestamp="20220712 14:36:16.535" level="INFO">Current page contains link 'Dashboard'.</msg>
<status status="PASS" starttime="20220712 14:36:16.495" endtime="20220712 14:36:16.535"/>
</kw>
<status status="PASS" starttime="20220712 14:36:05.095" endtime="20220712 14:36:16.536"/>
</test>
<doc>Suite description</doc>
<status status="PASS" starttime="20220712 14:36:04.400" endtime="20220712 14:36:16.537"/>
</suite>
<statistics>
<total>
<stat pass="1" fail="0" skip="0">All Tests</stat>
</total>
<tag>
</tag>
<suite>
<stat pass="1" fail="0" skip="0" id="s1" name="Depends On TestCase Execution">Depends On TestCase Execution</stat>
</suite>
</statistics>
<errors>
</errors>
</robot>
