<?xml version="1.0" encoding="UTF-8"?>
<robot generator="Robot 4.0.3 (Python 3.8.2 on win32)" generated="20220422 16:13:24.388" rpa="false" schemaversion="2">
<suite id="s1" name="SmartBear Login" source="C:\Users\adixit\PycharmProjects\RobotFramework\OrangeHRM\SmartBear_Login.robot">
<test id="s1-t1" name="Login">
<kw name="Open Browser" library="SeleniumLibrary">
<arg>http://secure.smartbearsoftware.com/samples/testcomplete11/WebOrders/Default.aspx</arg>
<arg>Chrome</arg>
<doc>Opens a new browser instance to the optional ``url``.</doc>
<msg timestamp="20220422 16:13:24.756" level="INFO">Opening browser 'Chrome' to base url 'http://secure.smartbearsoftware.com/samples/testcomplete11/WebOrders/Default.aspx'.</msg>
<status status="PASS" starttime="20220422 16:13:24.755" endtime="20220422 16:13:29.761"/>
</kw>
<kw name="Maximize Browser Window" library="SeleniumLibrary">
<doc>Maximizes current browser window.</doc>
<status status="PASS" starttime="20220422 16:13:29.762" endtime="20220422 16:13:29.905"/>
</kw>
<kw name="Input Text" library="SeleniumLibrary">
<arg>id=ctl00_MainContent_username</arg>
<arg>Tester</arg>
<doc>Types the given ``text`` into the text field identified by ``locator``.</doc>
<msg timestamp="20220422 16:13:29.906" level="INFO">Typing text 'Tester' into text field 'id=ctl00_MainContent_username'.</msg>
<status status="PASS" starttime="20220422 16:13:29.906" endtime="20220422 16:13:30.296"/>
</kw>
<kw name="Input Text" library="SeleniumLibrary">
<arg>id=ctl00_MainContent_password</arg>
<arg>test</arg>
<doc>Types the given ``text`` into the text field identified by ``locator``.</doc>
<msg timestamp="20220422 16:13:30.298" level="INFO">Typing text 'test' into text field 'id=ctl00_MainContent_password'.</msg>
<status status="PASS" starttime="20220422 16:13:30.297" endtime="20220422 16:13:30.597"/>
</kw>
<kw name="Click Button" library="SeleniumLibrary">
<arg>id=ctl00_MainContent_login_button</arg>
<doc>Clicks the button identified by ``locator``.</doc>
<msg timestamp="20220422 16:13:30.599" level="INFO">Clicking button 'id=ctl00_MainContent_login_button'.</msg>
<status status="PASS" starttime="20220422 16:13:30.598" endtime="20220422 16:13:32.122"/>
</kw>
<kw name="Page Should Contain Button" library="SeleniumLibrary">
<arg>id=ctl00_MainContent_btnDelete</arg>
<doc>Verifies button ``locator`` is found from current page.</doc>
<msg timestamp="20220422 16:13:32.168" level="INFO">Current page contains input 'id=ctl00_MainContent_btnDelete'.</msg>
<status status="PASS" starttime="20220422 16:13:32.123" endtime="20220422 16:13:32.169"/>
</kw>
<kw name="Click Link" library="SeleniumLibrary">
<arg>Logout</arg>
<doc>Clicks a link identified by ``locator``.</doc>
<msg timestamp="20220422 16:13:32.172" level="INFO">Clicking link 'Logout'.</msg>
<status status="PASS" starttime="20220422 16:13:32.169" endtime="20220422 16:13:33.084"/>
</kw>
<kw name="Page Should Contain Button" library="SeleniumLibrary">
<arg>id=ctl00_MainContent_login_button</arg>
<doc>Verifies button ``locator`` is found from current page.</doc>
<msg timestamp="20220422 16:13:33.102" level="INFO">Current page contains input 'id=ctl00_MainContent_login_button'.</msg>
<status status="PASS" starttime="20220422 16:13:33.085" endtime="20220422 16:13:33.102"/>
</kw>
<kw name="Close Browser" library="SeleniumLibrary">
<doc>Closes the current browser.</doc>
<status status="PASS" starttime="20220422 16:13:33.103" endtime="20220422 16:13:35.347"/>
</kw>
<status status="PASS" starttime="20220422 16:13:24.752" endtime="20220422 16:13:35.347"/>
</test>
<status status="PASS" starttime="20220422 16:13:24.393" endtime="20220422 16:13:35.350"/>
</suite>
<statistics>
<total>
<stat pass="1" fail="0" skip="0">All Tests</stat>
</total>
<tag>
</tag>
<suite>
<stat pass="1" fail="0" skip="0" id="s1" name="SmartBear Login">SmartBear Login</stat>
</suite>
</statistics>
<errors>
</errors>
</robot>
