<?xml version="1.0" encoding="UTF-8"?>
<robot generator="Robot 4.0.3 (Python 3.8.2 on win32)" generated="20210618 15:26:32.121" rpa="false" schemaversion="2">
<suite id="s1" name="Suites">
<suite id="s1-s1" name="OrangeHRM Login" source="C:\Users\adixit\PycharmProjects\RobotFramework\OrangeHRM\OrangeHRM_Login.robot">
<test id="s1-s1-t1" name="Launch OrangeHRM Login Page">
<kw name="Open Browser" library="SeleniumLibrary">
<arg>https://opensource-demo.orangehrmlive.com/index.php</arg>
<arg>chrome</arg>
<doc>Opens a new browser instance to the optional ``url``.</doc>
<msg timestamp="20210618 15:26:33.366" level="INFO">Opening browser 'chrome' to base url 'https://opensource-demo.orangehrmlive.com/index.php'.</msg>
<status status="PASS" starttime="20210618 15:26:33.363" endtime="20210618 15:27:14.636"/>
</kw>
<kw name="Maximize Browser Window" library="SeleniumLibrary">
<doc>Maximizes current browser window.</doc>
<status status="PASS" starttime="20210618 15:27:14.637" endtime="20210618 15:27:17.545"/>
</kw>
<kw name="Input Text" library="SeleniumLibrary">
<arg>name=txtUsername</arg>
<arg>Admin</arg>
<doc>Types the given ``text`` into the text field identified by ``locator``.</doc>
<msg timestamp="20210618 15:27:17.548" level="INFO">Typing text 'Admin' into text field 'name=txtUsername'.</msg>
<status status="PASS" starttime="20210618 15:27:17.547" endtime="20210618 15:27:21.516"/>
</kw>
<kw name="Input Text" library="SeleniumLibrary">
<arg>name=txtPassword</arg>
<arg>admin123</arg>
<doc>Types the given ``text`` into the text field identified by ``locator``.</doc>
<msg timestamp="20210618 15:27:21.518" level="INFO">Typing text 'admin123' into text field 'name=txtPassword'.</msg>
<status status="PASS" starttime="20210618 15:27:21.517" endtime="20210618 15:27:22.378"/>
</kw>
<kw name="Click Button" library="SeleniumLibrary">
<arg>xpath=//input[@id='btnLogin']</arg>
<doc>Clicks the button identified by ``locator``.</doc>
<msg timestamp="20210618 15:27:22.384" level="INFO">Clicking button 'xpath=//input[@id='btnLogin']'.</msg>
<status status="PASS" starttime="20210618 15:27:22.382" endtime="20210618 15:27:22.806"/>
</kw>
<kw name="Sleep" library="BuiltIn">
<arg>2s</arg>
<doc>Pauses the test executed for the given time.</doc>
<msg timestamp="20210618 15:27:24.823" level="INFO">Slept 2 seconds</msg>
<status status="PASS" starttime="20210618 15:27:22.807" endtime="20210618 15:27:24.824"/>
</kw>
<kw name="Element Text Should Be" library="SeleniumLibrary">
<arg>link=Dashboard</arg>
<arg>Dashboard</arg>
<doc>Verifies that element ``locator`` contains exact the text ``expected``.</doc>
<msg timestamp="20210618 15:27:24.827" level="INFO">Verifying element 'link=Dashboard' contains exact text 'Dashboard'.</msg>
<kw name="Capture Page Screenshot" library="SeleniumLibrary">
<doc>Takes a screenshot of the current page and embeds it into a log file.</doc>
<msg timestamp="20210618 15:28:02.975" level="INFO" html="true">&lt;/td&gt;&lt;/tr&gt;&lt;tr&gt;&lt;td colspan="3"&gt;&lt;a href="selenium-screenshot-1.png"&gt;&lt;img src="selenium-screenshot-1.png" width="800px"&gt;&lt;/a&gt;</msg>
<status status="PASS" starttime="20210618 15:27:48.620" endtime="20210618 15:28:02.975"/>
</kw>
<msg timestamp="20210618 15:28:02.985" level="FAIL">Element with locator 'link=Dashboard' not found.</msg>
<status status="FAIL" starttime="20210618 15:27:24.825" endtime="20210618 15:28:02.985"/>
</kw>
<kw name="Close Browser" library="SeleniumLibrary">
<doc>Closes the current browser.</doc>
<status status="NOT RUN" starttime="20210618 15:28:02.986" endtime="20210618 15:28:02.987"/>
</kw>
<tag>Sanity</tag>
<status status="FAIL" starttime="20210618 15:26:33.358" endtime="20210618 15:28:02.988">Element with locator 'link=Dashboard' not found.</status>
</test>
<doc>Suite description</doc>
<status status="FAIL" starttime="20210618 15:26:32.267" endtime="20210618 15:28:02.991"/>
</suite>
<status status="FAIL" starttime="20210618 15:26:32.156" endtime="20210618 15:28:02.998"/>
</suite>
<statistics>
<total>
<stat pass="0" fail="1" skip="0">All Tests</stat>
</total>
<tag>
<stat pass="0" fail="1" skip="0">Sanity</stat>
</tag>
<suite>
<stat pass="0" fail="1" skip="0" id="s1" name="Suites">Suites</stat>
<stat pass="0" fail="1" skip="0" id="s1-s1" name="OrangeHRM Login">Suites.OrangeHRM Login</stat>
</suite>
</statistics>
<errors>
</errors>
</robot>
