<?xml version="1.0" encoding="UTF-8"?>
<robot generator="Robot 4.0.3 (Python 3.8.2 on win32)" generated="20220712 14:47:39.565" rpa="true" schemaversion="2">
<suite id="s1" name="OrangeHRM" source="C:\Users\adixit\PycharmProjects\RobotFramework\OrangeHRM">
<suite id="s1-s1" name="WebOrder Add Order DeleteOrder" source="C:\Users\adixit\PycharmProjects\RobotFramework\OrangeHRM\WebOrder_Add_Order_DeleteOrder.robot">
<test id="s1-s1-t1" name="TC_001-Launch WebOrder and login to application">
<kw name="Open Browser" library="SeleniumLibrary">
<arg>http://secure.smartbearsoftware.com/samples/testcomplete11/WebOrders/Default.aspx</arg>
<arg>Chrome</arg>
<doc>Opens a new browser instance to the optional ``url``.</doc>
<msg timestamp="20220712 14:47:40.108" level="INFO">Opening browser 'Chrome' to base url 'http://secure.smartbearsoftware.com/samples/testcomplete11/WebOrders/Default.aspx'.</msg>
<status status="PASS" starttime="20220712 14:47:40.107" endtime="20220712 14:47:46.297"/>
</kw>
<kw name="Maximize Browser Window" library="SeleniumLibrary">
<doc>Maximizes current browser window.</doc>
<status status="PASS" starttime="20220712 14:47:46.298" endtime="20220712 14:47:46.525"/>
</kw>
<kw name="Input Text" library="SeleniumLibrary">
<arg>id=ctl00_MainContent_username</arg>
<arg>Tester</arg>
<doc>Types the given ``text`` into the text field identified by ``locator``.</doc>
<msg timestamp="20220712 14:47:46.528" level="INFO">Typing text 'Tester' into text field 'id=ctl00_MainContent_username'.</msg>
<status status="PASS" starttime="20220712 14:47:46.526" endtime="20220712 14:47:46.750"/>
</kw>
<kw name="Input Text" library="SeleniumLibrary">
<arg>id=ctl00_MainContent_password</arg>
<arg>test</arg>
<doc>Types the given ``text`` into the text field identified by ``locator``.</doc>
<msg timestamp="20220712 14:47:46.754" level="INFO">Typing text 'test' into text field 'id=ctl00_MainContent_password'.</msg>
<status status="PASS" starttime="20220712 14:47:46.751" endtime="20220712 14:47:46.930"/>
</kw>
<kw name="Click Button" library="SeleniumLibrary">
<arg>id=ctl00_MainContent_login_button</arg>
<doc>Clicks the button identified by ``locator``.</doc>
<msg timestamp="20220712 14:47:46.932" level="INFO">Clicking button 'id=ctl00_MainContent_login_button'.</msg>
<status status="PASS" starttime="20220712 14:47:46.931" endtime="20220712 14:47:48.531"/>
</kw>
<kw name="Page Should Contain Button" library="SeleniumLibrary">
<arg>id=ctl00_MainContent_btnDelete</arg>
<doc>Verifies button ``locator`` is found from current page.</doc>
<msg timestamp="20220712 14:47:48.562" level="INFO">Current page contains input 'id=ctl00_MainContent_btnDelete'.</msg>
<status status="PASS" starttime="20220712 14:47:48.532" endtime="20220712 14:47:48.562"/>
</kw>
<tag>Test</tag>
<status status="PASS" starttime="20220712 14:47:40.103" endtime="20220712 14:47:48.563"/>
</test>
<doc>Suite description</doc>
<status status="PASS" starttime="20220712 14:47:39.638" endtime="20220712 14:47:48.565"/>
</suite>
<status status="PASS" starttime="20220712 14:47:39.584" endtime="20220712 14:47:48.569"/>
</suite>
<statistics>
<total>
<stat pass="1" fail="0" skip="0">All Tasks</stat>
</total>
<tag>
<stat pass="1" fail="0" skip="0">Test</stat>
</tag>
<suite>
<stat pass="1" fail="0" skip="0" id="s1" name="OrangeHRM">OrangeHRM</stat>
<stat pass="1" fail="0" skip="0" id="s1-s1" name="WebOrder Add Order DeleteOrder">OrangeHRM.WebOrder Add Order DeleteOrder</stat>
</suite>
</statistics>
<errors>
</errors>
</robot>
