<?xml version="1.0" encoding="UTF-8"?>
<robot generator="Robot 4.1.3 (Python 3.8.2 on win32)" generated="20220712 14:36:06.426" rpa="false" schemaversion="2">
<suite id="s1" name="Depends On TestCase Execution" source="C:\Users\adixit\PycharmProjects\RobotFramework\OrangeHRM\Depends_On_TestCase_Execution.robot">
<test id="s1-t1" name="VerifyUser">
<kw name="Depends On Test" library="DependencyLibrary">
<arg>AddUser</arg>
<msg timestamp="20220712 14:36:08.460" level="FAIL">Dependency not met: test case 'AddUser' not found.</msg>
<status status="FAIL" starttime="20220712 14:36:08.455" endtime="20220712 14:36:08.461"/>
</kw>
<kw name="Table Should Contain" library="SeleniumLibrary">
<arg>xpath=//table[@id='resultTable']</arg>
<arg>${empname}</arg>
<doc>Verifies table contains text ``expected``.</doc>
<status status="NOT RUN" starttime="20220712 14:36:08.462" endtime="20220712 14:36:08.463"/>
</kw>
<kw name="Sleep" library="BuiltIn">
<arg>5s</arg>
<doc>Pauses the test executed for the given time.</doc>
<status status="NOT RUN" starttime="20220712 14:36:08.464" endtime="20220712 14:36:08.464"/>
</kw>
<status status="FAIL" starttime="20220712 14:36:08.451" endtime="20220712 14:36:08.465">Dependency not met: test case 'AddUser' not found.</status>
</test>
<doc>Suite description</doc>
<status status="FAIL" starttime="20220712 14:36:06.496" endtime="20220712 14:36:08.473"/>
</suite>
<statistics>
<total>
<stat pass="0" fail="1" skip="0">All Tests</stat>
</total>
<tag>
</tag>
<suite>
<stat pass="0" fail="1" skip="0" id="s1" name="Depends On TestCase Execution">Depends On TestCase Execution</stat>
</suite>
</statistics>
<errors>
</errors>
</robot>
