<?xml version="1.0" encoding="UTF-8"?>
<robot generator="Robot 4.0.3 (Python 3.8.2 on win32)" generated="20210618 15:28:06.052" rpa="false" schemaversion="2">
<suite id="s1" name="Suites">
<suite id="s1-s1" name="OrangeHRM Verify Deleted User" source="C:\Users\adixit\PycharmProjects\RobotFramework\OrangeHRM\OrangeHRM_Verify_Deleted_User.robot">
<test id="s1-s1-t1" name="Launch OrangeHRM and login to application">
<kw name="Open Browser" library="SeleniumLibrary">
<arg>https://opensource-demo.orangehrmlive.com/</arg>
<arg>chrome</arg>
<doc>Opens a new browser instance to the optional ``url``.</doc>
<msg timestamp="20210618 15:28:07.337" level="INFO">Opening browser 'chrome' to base url 'https://opensource-demo.orangehrmlive.com/'.</msg>
<status status="PASS" starttime="20210618 15:28:07.333" endtime="20210618 15:28:18.562"/>
</kw>
<kw name="Maximize Browser Window" library="SeleniumLibrary">
<doc>Maximizes current browser window.</doc>
<status status="PASS" starttime="20210618 15:28:18.563" endtime="20210618 15:28:21.129"/>
</kw>
<kw name="Input Text" library="SeleniumLibrary">
<arg>xpath=//input[@id='txtUsername']</arg>
<arg>Admin</arg>
<doc>Types the given ``text`` into the text field identified by ``locator``.</doc>
<msg timestamp="20210618 15:28:21.133" level="INFO">Typing text 'Admin' into text field 'xpath=//input[@id='txtUsername']'.</msg>
<status status="PASS" starttime="20210618 15:28:21.131" endtime="20210618 15:28:21.749"/>
</kw>
<kw name="Input Text" library="SeleniumLibrary">
<arg>name=txtPassword</arg>
<arg>admin123</arg>
<doc>Types the given ``text`` into the text field identified by ``locator``.</doc>
<msg timestamp="20210618 15:28:21.751" level="INFO">Typing text 'admin123' into text field 'name=txtPassword'.</msg>
<status status="PASS" starttime="20210618 15:28:21.749" endtime="20210618 15:28:22.119"/>
</kw>
<kw name="Click Button" library="SeleniumLibrary">
<arg>css=input[id='btnLogin']</arg>
<doc>Clicks the button identified by ``locator``.</doc>
<msg timestamp="20210618 15:28:22.122" level="INFO">Clicking button 'css=input[id='btnLogin']'.</msg>
<status status="PASS" starttime="20210618 15:28:22.120" endtime="20210618 15:28:24.864"/>
</kw>
<kw name="Page Should Contain Link" library="SeleniumLibrary">
<arg>Dashboard</arg>
<doc>Verifies link identified by ``locator`` is found from current page.</doc>
<msg timestamp="20210618 15:28:24.968" level="INFO">Current page contains link 'Dashboard'.</msg>
<status status="PASS" starttime="20210618 15:28:24.865" endtime="20210618 15:28:24.968"/>
</kw>
<tag>Regression</tag>
<status status="PASS" starttime="20210618 15:28:07.329" endtime="20210618 15:28:24.969"/>
</test>
<test id="s1-s1-t2" name="Click on Admin-&gt;UserManagement-&gt;Users and Click on Add button">
<kw name="Mouse Over" library="SeleniumLibrary">
<arg>link=Admin</arg>
<doc>Simulates hovering the mouse over the element ``locator``.</doc>
<msg timestamp="20210618 15:28:24.977" level="INFO">Simulating Mouse Over on element 'link=Admin'.</msg>
<status status="PASS" starttime="20210618 15:28:24.975" endtime="20210618 15:28:26.622"/>
</kw>
<kw name="Sleep" library="BuiltIn">
<arg>2s</arg>
<doc>Pauses the test executed for the given time.</doc>
<msg timestamp="20210618 15:28:28.630" level="INFO">Slept 2 seconds</msg>
<status status="PASS" starttime="20210618 15:28:26.624" endtime="20210618 15:28:28.631"/>
</kw>
<kw name="Mouse Over" library="SeleniumLibrary">
<arg>link=User Management</arg>
<doc>Simulates hovering the mouse over the element ``locator``.</doc>
<msg timestamp="20210618 15:28:28.633" level="INFO">Simulating Mouse Over on element 'link=User Management'.</msg>
<status status="PASS" starttime="20210618 15:28:28.632" endtime="20210618 15:28:28.819"/>
</kw>
<kw name="Click Link" library="SeleniumLibrary">
<arg>link=Users</arg>
<doc>Clicks a link identified by ``locator``.</doc>
<msg timestamp="20210618 15:28:28.821" level="INFO">Clicking link 'link=Users'.</msg>
<status status="PASS" starttime="20210618 15:28:28.819" endtime="20210618 15:28:30.668"/>
</kw>
<kw name="Click Button" library="SeleniumLibrary">
<arg>name=btnAdd</arg>
<doc>Clicks the button identified by ``locator``.</doc>
<msg timestamp="20210618 15:28:30.672" level="INFO">Clicking button 'name=btnAdd'.</msg>
<status status="PASS" starttime="20210618 15:28:30.669" endtime="20210618 15:28:31.780"/>
</kw>
<status status="PASS" starttime="20210618 15:28:24.971" endtime="20210618 15:28:31.782"/>
</test>
<test id="s1-s1-t3" name="Add Users Details and Click on Save button">
<kw name="Select From List By Label" library="SeleniumLibrary">
<arg>id=systemUser_userType</arg>
<arg>Admin</arg>
<doc>Selects options from selection list ``locator`` by ``labels``.</doc>
<msg timestamp="20210618 15:28:31.788" level="INFO">Selecting options from selection list 'id=systemUser_userType' by label Admin.</msg>
<status status="PASS" starttime="20210618 15:28:31.787" endtime="20210618 15:28:32.103"/>
</kw>
<kw name="Input Text" library="SeleniumLibrary">
<arg>id=systemUser_employeeName_empName</arg>
<arg>Fiona Grace</arg>
<doc>Types the given ``text`` into the text field identified by ``locator``.</doc>
<msg timestamp="20210618 15:28:32.106" level="INFO">Typing text 'Fiona Grace' into text field 'id=systemUser_employeeName_empName'.</msg>
<status status="PASS" starttime="20210618 15:28:32.104" endtime="20210618 15:28:32.533"/>
</kw>
<kw name="Input Text" library="SeleniumLibrary">
<arg>id=systemUser_userName</arg>
<arg>Kumar55</arg>
<doc>Types the given ``text`` into the text field identified by ``locator``.</doc>
<msg timestamp="20210618 15:28:32.535" level="INFO">Typing text 'Kumar55' into text field 'id=systemUser_userName'.</msg>
<status status="PASS" starttime="20210618 15:28:32.534" endtime="20210618 15:28:32.750"/>
</kw>
<kw name="Select From List By Value" library="SeleniumLibrary">
<arg>id=systemUser_status</arg>
<arg>1</arg>
<doc>Selects options from selection list ``locator`` by ``values``.</doc>
<msg timestamp="20210618 15:28:32.752" level="INFO">Selecting options from selection list 'id=systemUser_status' by value 1.</msg>
<status status="PASS" starttime="20210618 15:28:32.751" endtime="20210618 15:28:32.839"/>
</kw>
<kw name="Input Text" library="SeleniumLibrary">
<arg>id=systemUser_password</arg>
<arg>admin123</arg>
<doc>Types the given ``text`` into the text field identified by ``locator``.</doc>
<msg timestamp="20210618 15:28:32.840" level="INFO">Typing text 'admin123' into text field 'id=systemUser_password'.</msg>
<status status="PASS" starttime="20210618 15:28:32.839" endtime="20210618 15:28:33.086"/>
</kw>
<kw name="Input Text" library="SeleniumLibrary">
<arg>id=systemUser_confirmPassword</arg>
<arg>admin123</arg>
<doc>Types the given ``text`` into the text field identified by ``locator``.</doc>
<msg timestamp="20210618 15:28:33.087" level="INFO">Typing text 'admin123' into text field 'id=systemUser_confirmPassword'.</msg>
<status status="PASS" starttime="20210618 15:28:33.087" endtime="20210618 15:28:33.320"/>
</kw>
<kw name="Click Button" library="SeleniumLibrary">
<arg>id=btnSave</arg>
<doc>Clicks the button identified by ``locator``.</doc>
<msg timestamp="20210618 15:28:33.323" level="INFO">Clicking button 'id=btnSave'.</msg>
<status status="PASS" starttime="20210618 15:28:33.321" endtime="20210618 15:28:33.510"/>
</kw>
<kw name="Sleep" library="BuiltIn">
<arg>2s</arg>
<doc>Pauses the test executed for the given time.</doc>
<msg timestamp="20210618 15:28:35.523" level="INFO">Slept 2 seconds</msg>
<status status="PASS" starttime="20210618 15:28:33.511" endtime="20210618 15:28:35.524"/>
</kw>
<status status="PASS" starttime="20210618 15:28:31.785" endtime="20210618 15:28:35.525"/>
</test>
<test id="s1-s1-t4" name="Verify that User added to WebTable">
<kw name="Element Text Should Be" library="SeleniumLibrary">
<arg>xpath=//a[text()='Kumar55']</arg>
<arg>Kumar55</arg>
<doc>Verifies that element ``locator`` contains exact the text ``expected``.</doc>
<msg timestamp="20210618 15:28:35.532" level="INFO">Verifying element 'xpath=//a[text()='Kumar55']' contains exact text 'Kumar55'.</msg>
<kw name="Capture Page Screenshot" library="SeleniumLibrary">
<doc>Takes a screenshot of the current page and embeds it into a log file.</doc>
<msg timestamp="20210618 15:28:36.048" level="INFO" html="true">&lt;/td&gt;&lt;/tr&gt;&lt;tr&gt;&lt;td colspan="3"&gt;&lt;a href="selenium-screenshot-1.png"&gt;&lt;img src="selenium-screenshot-1.png" width="800px"&gt;&lt;/a&gt;</msg>
<status status="PASS" starttime="20210618 15:28:35.583" endtime="20210618 15:28:36.049"/>
</kw>
<msg timestamp="20210618 15:28:36.057" level="FAIL">Element with locator 'xpath=//a[text()='Kumar55']' not found.</msg>
<status status="FAIL" starttime="20210618 15:28:35.530" endtime="20210618 15:28:36.057"/>
</kw>
<kw name="Sleep" library="BuiltIn">
<arg>2s</arg>
<doc>Pauses the test executed for the given time.</doc>
<status status="NOT RUN" starttime="20210618 15:28:36.058" endtime="20210618 15:28:36.059"/>
</kw>
<kw name="Click Element" library="SeleniumLibrary">
<arg>xpath=//a[text()='Kumar55']//parent::td/../td/input</arg>
<doc>Click the element identified by ``locator``.</doc>
<status status="NOT RUN" starttime="20210618 15:28:36.060" endtime="20210618 15:28:36.061"/>
</kw>
<kw name="Sleep" library="BuiltIn">
<arg>5s</arg>
<doc>Pauses the test executed for the given time.</doc>
<status status="NOT RUN" starttime="20210618 15:28:36.062" endtime="20210618 15:28:36.063"/>
</kw>
<status status="FAIL" starttime="20210618 15:28:35.528" endtime="20210618 15:28:36.065">Element with locator 'xpath=//a[text()='Kumar55']' not found.</status>
</test>
<test id="s1-s1-t5" name="Delete the User from List and Verify that Deleter user not preset in webtable">
<kw name="Click Button" library="SeleniumLibrary">
<arg>id=btnDelete</arg>
<doc>Clicks the button identified by ``locator``.</doc>
<msg timestamp="20210618 15:28:36.072" level="INFO">Clicking button 'id=btnDelete'.</msg>
<kw name="Capture Page Screenshot" library="SeleniumLibrary">
<doc>Takes a screenshot of the current page and embeds it into a log file.</doc>
<msg timestamp="20210618 15:28:36.597" level="INFO" html="true">&lt;/td&gt;&lt;/tr&gt;&lt;tr&gt;&lt;td colspan="3"&gt;&lt;a href="selenium-screenshot-2.png"&gt;&lt;img src="selenium-screenshot-2.png" width="800px"&gt;&lt;/a&gt;</msg>
<status status="PASS" starttime="20210618 15:28:36.176" endtime="20210618 15:28:36.598"/>
</kw>
<msg timestamp="20210618 15:28:36.601" level="FAIL">Button with locator 'id=btnDelete' not found.</msg>
<status status="FAIL" starttime="20210618 15:28:36.068" endtime="20210618 15:28:36.601"/>
</kw>
<kw name="Sleep" library="BuiltIn">
<arg>2s</arg>
<doc>Pauses the test executed for the given time.</doc>
<status status="NOT RUN" starttime="20210618 15:28:36.602" endtime="20210618 15:28:36.603"/>
</kw>
<kw name="Click Button" library="SeleniumLibrary">
<arg>id=dialogDeleteBtn</arg>
<doc>Clicks the button identified by ``locator``.</doc>
<status status="NOT RUN" starttime="20210618 15:28:36.604" endtime="20210618 15:28:36.605"/>
</kw>
<kw name="Sleep" library="BuiltIn">
<arg>2s</arg>
<doc>Pauses the test executed for the given time.</doc>
<status status="NOT RUN" starttime="20210618 15:28:36.605" endtime="20210618 15:28:36.606"/>
</kw>
<kw name="Page Should Not Contain Element" library="SeleniumLibrary">
<arg>Kumar55</arg>
<doc>Verifies that element ``locator`` is not found on the current page.</doc>
<status status="NOT RUN" starttime="20210618 15:28:36.607" endtime="20210618 15:28:36.608"/>
</kw>
<status status="FAIL" starttime="20210618 15:28:36.066" endtime="20210618 15:28:36.609">Button with locator 'id=btnDelete' not found.</status>
</test>
<test id="s1-s1-t6" name="Close Browser at end">
<kw name="Close Browser" library="SeleniumLibrary">
<doc>Closes the current browser.</doc>
<status status="PASS" starttime="20210618 15:28:36.612" endtime="20210618 15:28:41.968"/>
</kw>
<status status="PASS" starttime="20210618 15:28:36.611" endtime="20210618 15:28:41.969"/>
</test>
<doc>Suite description</doc>
<status status="FAIL" starttime="20210618 15:28:06.298" endtime="20210618 15:28:41.973"/>
</suite>
<status status="FAIL" starttime="20210618 15:28:06.116" endtime="20210618 15:28:41.984"/>
</suite>
<statistics>
<total>
<stat pass="4" fail="2" skip="0">All Tests</stat>
</total>
<tag>
<stat pass="1" fail="0" skip="0">Regression</stat>
</tag>
<suite>
<stat pass="4" fail="2" skip="0" id="s1" name="Suites">Suites</stat>
<stat pass="4" fail="2" skip="0" id="s1-s1" name="OrangeHRM Verify Deleted User">Suites.OrangeHRM Verify Deleted User</stat>
</suite>
</statistics>
<errors>
</errors>
</robot>
